#
# A fatal error has been detected by the Java Runtime Environment:
#
#  Internal Error (jvmciRuntime.cpp:1609), pid=25, tid=39
#  fatal error: Fatal exception in JVMCI: Error calling jdk.vm.ci.services.Services.serializeSavedProperties
#
# JRE version: OpenJDK Runtime Environment GraalVM CE 22.3.0 (17.0.5+8) (build 17.0.5+8-jvmci-22.3-b08)
# Java VM: OpenJDK 64-Bit Server VM GraalVM CE 22.3.0 (17.0.5+8-jvmci-22.3-b08, mixed mode, sharing, tiered, jvmci, jvmci compiler, compressed oops, compressed class ptrs, parallel gc, linux-amd64)
# Problematic frame:
# V  [libjvm.so+0x972714]  JVMCIRuntime::fatal_exception(JVMCIEnv*, char const*)+0x74
#
# Core dump will be written. Default location: Core dumps may be processed with "/usr/share/apport/apport -p%p -s%s -c%c -d%d -P%P -u%u -g%g -- %E" (or dumping to /home/runner/Proyecto-Bytebank/core.25)
#
# If you would like to submit a bug report, please visit:
#   https://github.com/oracle/graal/issues
#

---------------  S U M M A R Y ------------

Command Line: -XX:ThreadPriorityPolicy=1 -XX:+UnlockExperimentalVMOptions -XX:+EnableJVMCIProduct -XX:JVMCIThreadsPerNativeLibraryRuntime=1 -XX:-UnlockExperimentalVMOptions -Declipse.application=org.eclipse.jdt.ls.core.id1 -Dosgi.bundles.defaultStartLevel=4 -Declipse.product=org.eclipse.jdt.ls.core.product -Dlog.level=ALL -Xverify:none -XX:+UseParallelGC -XX:GCTimeRatio=4 -XX:AdaptiveSizePolicyWeight=90 -Dsun.zip.disableMemoryMapping=true -Xmx512m -Xms100m /nix/store/m6gcpi1ii6rghy04cjwjddcavv7i90df-jdt-language-server-1.9.0/share/java/plugins/org.eclipse.equinox.launcher_1.6.400.v20210924-0641.jar --add-modules=ALL-SYSTEM --add-opens java.base/java.util=ALL-UNNAMED --add-opens java.base/java.lang=ALL-UNNAMED -configuration /home/runner/.cache/jdt-language-server/config -data /home/runner/.cache/jdt-language-server/data/home/runner/Proyecto-Bytebank

Host: AMD EPYC 7B12, 8 cores, 1G, Ubuntu 20.04.2 LTS
Time: Fri Apr 14 18:18:39 2023 UTC elapsed time: 398.466204 seconds (0d 0h 6m 38s)

---------------  T H R E A D  ---------------

Current thread (0x00007fcab00b21e0):  JavaThread "JVMCI-native CompilerThread0" daemon [_thread_in_vm, id=39, stack(0x00007fca96900000,0x00007fca96b00000)]


Current CompileTask:
JVMCI-native: 398466 10452       4       java.util.Collections$SetFromMap::remove (19 bytes)

Stack: [0x00007fca96900000,0x00007fca96b00000],  sp=0x00007fca96afe380,  free space=2040k
Native frames: (J=compiled Java code, j=interpreted, Vv=VM code, C=native code)
V  [libjvm.so+0x972714]  JVMCIRuntime::fatal_exception(JVMCIEnv*, char const*)+0x74
V  [libjvm.so+0x93e2fe]  JVMCIEnv::copy_saved_properties()+0x14e
V  [libjvm.so+0x9732a9]  JVMCIRuntime::initialize(JVMCIEnv*)+0xb19
V  [libjvm.so+0x9738a2]  JVMCIRuntime::get_HotSpotJVMCIRuntime(JVMCIEnv*)+0x12
V  [libjvm.so+0x9749f2]  JVMCIRuntime::compile_method(JVMCIEnv*, JVMCICompiler*, methodHandle const&, int)+0xd2
V  [libjvm.so+0x5b0d20]  CompileBroker::invoke_compiler_on_method(CompileTask*)+0x1470
V  [libjvm.so+0x5b12e8]  CompileBroker::compiler_thread_loop()+0x528
V  [libjvm.so+0xd82460]  JavaThread::thread_main_inner()+0xd0
V  [libjvm.so+0xd85a40]  Thread::call_run()+0xc0
V  [libjvm.so+0xbdb1e1]  thread_native_entry(Thread*)+0xe1

Register to memory mapping:

RAX=0x00007fcab6624000 points into unknown readable memory: 0x0000000000000058 | 58 00 00 00 00 00 00 00
RBX=0x00007fcab771f398: <offset 0x0000000000ef5398> in /nix/store/gpxl5qgg8kicmcvivwmybwjlpf7wh20l-graalvm17-ce-22.3.0/lib/server/libjvm.so at 0x00007fcab682a000
RCX=0x00007fcab76d71e8: <offset 0x0000000000ead1e8> in /nix/store/gpxl5qgg8kicmcvivwmybwjlpf7wh20l-graalvm17-ce-22.3.0/lib/server/libjvm.so at 0x00007fcab682a000
RDX=0x0000000000000649 is an unknown value
RSP=0x00007fca96afe380 is pointing into the stack for thread: 0x00007fcab00b21e0
RBP=0x00007fca96afe3a0 is pointing into the stack for thread: 0x00007fcab00b21e0
RSI=0x00007fcab771fc48: <offset 0x0000000000ef5c48> in /nix/store/gpxl5qgg8kicmcvivwmybwjlpf7wh20l-graalvm17-ce-22.3.0/lib/server/libjvm.so at 0x00007fcab682a000
RDI=0x00000000e0000000 is an oop: java.lang.String 
{0x00000000e0000000} - klass: 'java/lang/String'
 - string: "resolution"
R8 =0x00007fcab771f398: <offset 0x0000000000ef5398> in /nix/store/gpxl5qgg8kicmcvivwmybwjlpf7wh20l-graalvm17-ce-22.3.0/lib/server/libjvm.so at 0x00007fcab682a000
R9 =0x00007fca96afe330 is pointing into the stack for thread: 0x00007fcab00b21e0
R10=0x00007fca96aff948 is pointing into the stack for thread: 0x00007fcab00b21e0
R11=0x0000000000000293 is an unknown value
R12=0x0 is NULL
R13=0x00007fcab00b21e0 is a thread
R14=0x00007fcab0000b80 points into unknown readable memory: 0x00007fcab7950a38 | 38 0a 95 b7 ca 7f 00 00
R15=0x00007fcab7a5ee40: <offset 0x0000000001234e40> in /nix/store/gpxl5qgg8kicmcvivwmybwjlpf7wh20l-graalvm17-ce-22.3.0/lib/server/libjvm.so at 0x00007fcab682a000


Registers:
RAX=0x00007fcab6624000, RBX=0x00007fcab771f398, RCX=0x00007fcab76d71e8, RDX=0x0000000000000649
RSP=0x00007fca96afe380, RBP=0x00007fca96afe3a0, RSI=0x00007fcab771fc48, RDI=0x00000000e0000000
R8 =0x00007fcab771f398, R9 =0x00007fca96afe330, R10=0x00007fca96aff948, R11=0x0000000000000293
R12=0x0000000000000000, R13=0x00007fcab00b21e0, R14=0x00007fcab0000b80, R15=0x00007fcab7a5ee40
RIP=0x00007fcab719c714, EFLAGS=0x0000000000010206, CSGSFS=0x002b000000000033, ERR=0x0000000000000006
  TRAPNO=0x000000000000000e

Top of Stack: (sp=0x00007fca96afe380)
0x00007fca96afe380:   00007fca96afe940 00007fcab00b21e0
0x00007fca96afe390:   00007fcab4fb58c8 0000000800c409d8
0x00007fca96afe3a0:   00007fca96afe500 00007fcab71682fe
0x00007fca96afe3b0:   00007fca96afe3e0 00007fca96afe440 

Instructions: (pc=0x00007fcab719c714)
0x00007fcab719c614:   30 e8 f6 cf e8 ff 4c 89 e7 e8 2e 48 d1 ff 84 db
0x00007fcab719c624:   75 2a 4d 85 ed 74 04 4d 8b 6d 00 48 83 c4 08 44
0x00007fcab719c634:   89 f9 4c 89 f2 4c 89 ee 5b 4c 89 e7 41 5c 41 5d
0x00007fcab719c644:   41 5e 41 5f 5d e9 e2 47 d1 ff 66 90 48 83 c4 08
0x00007fcab719c654:   5b 41 5c 41 5d 41 5e 41 5f 5d c3 90 31 d2 be 08
0x00007fcab719c664:   00 00 00 4c 89 ff e8 b1 78 a3 ff 49 89 c5 e9 37
0x00007fcab719c674:   ff ff ff 66 0f 1f 84 00 00 00 00 00 48 8b 7a 08
0x00007fcab719c684:   e9 6d ff ff ff 0f 1f 80 00 00 00 00 e8 5b 48 0a
0x00007fcab719c694:   00 84 c0 75 89 e9 6a ff ff ff 66 90 55 48 89 e5
0x00007fcab719c6a4:   41 56 41 55 41 54 49 89 fc 53 48 89 f3 66 48 8d
0x00007fcab719c6b4:   3d 27 5e 85 00 66 66 48 e8 df 43 8d ff 4c 8b 28
0x00007fcab719c6c4:   8b 05 be 72 8a 00 85 c0 75 14 ba 01 00 00 00 48
0x00007fcab719c6d4:   8d 0d ae 72 8a 00 f0 0f b1 11 85 c0 74 4e be c8
0x00007fcab719c6e4:   00 00 00 4c 89 ef e8 01 0b 41 00 48 8d 05 12 ac
0x00007fcab719c6f4:   85 00 49 89 d8 48 8d 0d e8 aa 53 00 ba 49 06 00
0x00007fcab719c704:   00 48 8d 35 3c 35 58 00 bf 00 00 00 e0 48 8b 00
0x00007fcab719c714:   c6 00 58 31 c0 e8 e2 91 c6 ff 5b 41 5c 41 5d 41
0x00007fcab719c724:   5e 5d e9 55 34 26 00 0f 1f 44 00 00 48 8d 05 81
0x00007fcab719c734:   a3 8b 00 48 89 df 4c 8b 30 e8 9e 43 8d ff 48 89
0x00007fcab719c744:   de 48 89 c2 49 8b 06 4c 89 f7 ff 50 08 4c 89 f7
0x00007fcab719c754:   e8 a7 5c 27 00 4d 85 e4 74 12 be 01 00 00 00 4c
0x00007fcab719c764:   89 e7 e8 35 43 fc ff eb 82 0f 1f 00 be 01 00 00
0x00007fcab719c774:   00 4c 89 ef e8 d3 fd ff ff e9 6d ff ff ff 66 66
0x00007fcab719c784:   2e 0f 1f 84 00 00 00 00 00 0f 1f 00 55 48 89 e5
0x00007fcab719c794:   41 57 41 56 41 55 41 54 53 48 81 ec 08 02 00 00
0x00007fcab719c7a4:   64 48 8b 04 25 28 00 00 00 48 89 45 c8 8b 07 83
0x00007fcab719c7b4:   f8 02 0f 84 11 04 00 00 4c 8b 6f 18 49 89 ff 49
0x00007fcab719c7c4:   89 f4 4d 85 ed 74 14 4c 89 ef e8 5d 57 22 00 41
0x00007fcab719c7d4:   8b 07 83 f8 02 0f 84 19 04 00 00 48 8d 1d 9a 06
0x00007fcab719c7e4:   8a 00 4c 8d 35 0b 3c 58 00 eb 38 90 48 85 d2 7f
0x00007fcab719c7f4:   0d 48 8d 05 b4 c0 85 00 48 83 38 00 7e 0e 41 8b
0x00007fcab719c804:   77 2c 4c 89 f7 31 c0 e8 a0 b2 f7 ff 49 8b 7f 18 


Stack slot to memory mapping:
stack at sp + 0 slots: 0x00007fca96afe940 is pointing into the stack for thread: 0x00007fcab00b21e0
stack at sp + 1 slots: 0x00007fcab00b21e0 is a thread
stack at sp + 2 slots: 0x00007fcab4fb58c8 points into unknown readable memory: 0x65730018e552ffff | ff ff 52 e5 18 00 73 65
stack at sp + 3 slots: 0x0000000800c409d8 is a pointer to class: 
jdk.vm.ci.services.Services {0x0000000800c409d8}
 - instance size:     2
 - klass size:        65
 - access:            public final synchronized 
 - state:             fully_initialized
 - name:              'jdk/vm/ci/services/Services'
 - super:             'java/lang/Object'
 - sub:               
 - arrays:            NULL
 - methods:           Array<T>(0x00007fca96c3c980)
 - method ordering:   Array<T>(0x0000000800928960)
 - default_methods:   Array<T>(0x0000000000000000)
 - local interfaces:  Array<T>(0x00000008005ce810)
 - trans. interfaces: Array<T>(0x00000008005ce810)
 - constants:         constant pool [427] {0x00007fca96c3ba60} for 'jdk/vm/ci/services/Services' cache=0x00007fca96c3dc50
 - class loader data:  loader data: 0x00007fcab00283f0 of 'bootstrap'
 - source file:       'Services.java'
 - class annotations:       Array<T>(0x0000000000000000)
 - class type annotations:  Array<T>(0x0000000000000000)
 - field annotations:       Array<T>(0x0000000000000000)
 - field type annotations:  Array<T>(0x0000000000000000)
 - inner classes:     Array<T>(0x00007fca96c3dc20)
 - nest members:     Array<T>(0x00007fca96c3dc40)
 - permitted subclasses:     Array<T>(0x00000008005ce7a0)
 - java mirror:       a 'java/lang/Class'{0x00000000e014b758} = 'jdk/vm/ci/services/Services'
 - vtable length      5  (start addr: 0x0000000800c40ba8)
 - itable length      2 (start addr: 0x0000000800c40bd0)
 - ---- static fields (3 words):
 - public static final 'IS_BUILDING_NATIVE_IMAGE' 'Z' @128 
 - public static final 'IS_IN_NATIVE_IMAGE' 'Z' @129 
 - private static volatile 'savedProperties' 'Ljava/util/Map;' @112 
 - static final 'JVMCI_ENABLED' 'Z' @130 
 - private static final 'servicesCache' 'Ljava/util/Map;' @116 
 - private static final 'MAX_UNICODE_IN_UTF8_LENGTH' 'I' @120 
 - private static final 'MAX_UTF8_PROPERTY_STRING_LENGTH' 'I' @124 
 - ---- non-static fields (0 words):
 - non-static oop maps: 
stack at sp + 4 slots: 0x00007fca96afe500 is pointing into the stack for thread: 0x00007fcab00b21e0
stack at sp + 5 slots: 0x00007fcab71682fe: <offset 0x000000000093e2fe> in /nix/store/gpxl5qgg8kicmcvivwmybwjlpf7wh20l-graalvm17-ce-22.3.0/lib/server/libjvm.so at 0x00007fcab682a000
stack at sp + 6 slots: 0x00007fca96afe3e0 is pointing into the stack for thread: 0x00007fcab00b21e0
stack at sp + 7 slots: 0x00007fca96afe440 is pointing into the stack for thread: 0x00007fcab00b21e0


---------------  P R O C E S S  ---------------

Threads class SMR info:
_java_thread_list=0x00007fca40115210, length=31, elements={
0x00007fcab0026690, 0x00007fcab00a64d0, 0x00007fcab00a7910, 0x00007fcab00ae050,
0x00007fcab00af400, 0x00007fcab00b07f0, 0x00007fcab00b21e0, 0x00007fcab00b36f0,
0x00007fcab00b4b40, 0x00007fcab00d7ae0, 0x00007fcab0120580, 0x00007fcab0303d60,
0x00007fcab0336ec0, 0x00007fcab03396d0, 0x00007fcab05fed60, 0x00007fca44017190,
0x00007fca442a0b80, 0x00007fca44304920, 0x00007fca445eeab0, 0x00007fcab04723e0,
0x00007fcab03acd30, 0x00007fca20000ff0, 0x00007fca14419370, 0x00007fca1441a3c0,
0x00007fca04001dd0, 0x00007fca14420c90, 0x00007fca200211a0, 0x00007fca4011e830,
0x00007fca300489e0, 0x00007fca40122510, 0x00007fca401142b0
}

Java Threads: ( => current thread )
  0x00007fcab0026690 JavaThread "main" [_thread_blocked, id=31, stack(0x00007fcab6645000,0x00007fcab6745000)]
  0x00007fcab00a64d0 JavaThread "Reference Handler" daemon [_thread_blocked, id=34, stack(0x00007fcab465c000,0x00007fcab475c000)]
  0x00007fcab00a7910 JavaThread "Finalizer" daemon [_thread_blocked, id=35, stack(0x00007fcab455c000,0x00007fcab465c000)]
  0x00007fcab00ae050 JavaThread "Signal Dispatcher" daemon [_thread_blocked, id=36, stack(0x00007fcab4176000,0x00007fcab4276000)]
  0x00007fcab00af400 JavaThread "Service Thread" daemon [_thread_blocked, id=37, stack(0x00007fcab4076000,0x00007fcab4176000)]
  0x00007fcab00b07f0 JavaThread "Monitor Deflation Thread" daemon [_thread_blocked, id=38, stack(0x00007fca96b00000,0x00007fca96c00000)]
=>0x00007fcab00b21e0 JavaThread "JVMCI-native CompilerThread0" daemon [_thread_in_vm, id=39, stack(0x00007fca96900000,0x00007fca96b00000)]
  0x00007fcab00b36f0 JavaThread "C1 CompilerThread0" daemon [_thread_blocked, id=40, stack(0x00007fca96700000,0x00007fca96900000)]
  0x00007fcab00b4b40 JavaThread "Sweeper thread" daemon [_thread_blocked, id=41, stack(0x00007fca96600000,0x00007fca96700000)]
  0x00007fcab00d7ae0 JavaThread "Common-Cleaner" daemon [_thread_blocked, id=45, stack(0x00007fca96500000,0x00007fca96600000)]
  0x00007fcab0120580 JavaThread "Notification Thread" daemon [_thread_blocked, id=46, stack(0x00007fca96400000,0x00007fca96500000)]
  0x00007fcab0303d60 JavaThread "Active Thread: Equinox Container: 8b646e3b-fb3e-4e0b-9a0e-3f70c965e361" [_thread_blocked, id=55, stack(0x00007fca95000000,0x00007fca95100000)]
  0x00007fcab0336ec0 JavaThread "Framework Event Dispatcher: Equinox Container: 8b646e3b-fb3e-4e0b-9a0e-3f70c965e361" daemon [_thread_blocked, id=56, stack(0x00007fca94e00000,0x00007fca94f00000)]
  0x00007fcab03396d0 JavaThread "Start Level: Equinox Container: 8b646e3b-fb3e-4e0b-9a0e-3f70c965e361" daemon [_thread_blocked, id=57, stack(0x00007fca94c00000,0x00007fca94d00000)]
  0x00007fcab05fed60 JavaThread "Refresh Thread: Equinox Container: 8b646e3b-fb3e-4e0b-9a0e-3f70c965e361" daemon [_thread_blocked, id=62, stack(0x00007fca94a00000,0x00007fca94b00000)]
  0x00007fca44017190 JavaThread "SCR Component Actor" daemon [_thread_blocked, id=63, stack(0x00007fca94800000,0x00007fca94900000)]
  0x00007fca442a0b80 JavaThread "Worker-JM" [_thread_blocked, id=69, stack(0x00007fca94400000,0x00007fca94500000)]
  0x00007fca44304920 JavaThread "Worker-0" [_thread_blocked, id=70, stack(0x00007fca94200000,0x00007fca94300000)]
  0x00007fca445eeab0 JavaThread "Bundle File Closer" daemon [_thread_blocked, id=77, stack(0x00007fca5d900000,0x00007fca5da00000)]
  0x00007fcab04723e0 JavaThread "pool-3-thread-1" [_thread_blocked, id=82, stack(0x00007fca5d700000,0x00007fca5d800000)]
  0x00007fcab03acd30 JavaThread "pool-2-thread-1" [_thread_in_native, id=84, stack(0x00007fca94600000,0x00007fca94700000)]
  0x00007fca20000ff0 JavaThread "Worker-4: Java indexing... " [_thread_blocked, id=90, stack(0x00007fca5d400000,0x00007fca5d500000)]
  0x00007fca14419370 JavaThread "OkHttp repo.maven.apache.org" [_thread_blocked, id=130, stack(0x00007fca94d00000,0x00007fca94e00000)]
  0x00007fca1441a3c0 JavaThread "OkHttp ConnectionPool" daemon [_thread_blocked, id=131, stack(0x00007fca94700000,0x00007fca94800000)]
  0x00007fca04001dd0 JavaThread "OkHttp repo.maven.apache.org Writer" [_thread_blocked, id=132, stack(0x00007fca94500000,0x00007fca94600000)]
  0x00007fca14420c90 JavaThread "Okio Watchdog" daemon [_thread_blocked, id=134, stack(0x00007fca5cf00000,0x00007fca5d000000)]
  0x00007fca200211a0 JavaThread "Worker-7: Compacting resource model" [_thread_blocked, id=161, stack(0x00007fca5cb00000,0x00007fca5cc00000)]
  0x00007fca4011e830 JavaThread "Thread-23" [_thread_blocked, id=239, stack(0x00007fca5ce00000,0x00007fca5cf00000)]
  0x00007fca300489e0 JavaThread "Java indexing" daemon [_thread_blocked, id=292, stack(0x00007fca5cc00000,0x00007fca5cd00000)]
  0x00007fca40122510 JavaThread "Thread-24" [_thread_blocked, id=297, stack(0x00007fca5c700000,0x00007fca5c800000)]
  0x00007fca401142b0 JavaThread "Thread-25" [_thread_blocked, id=654, stack(0x00007fca5d500000,0x00007fca5d600000)]

Other Threads:
  0x00007fcab00a1c10 VMThread "VM Thread" [stack: 0x00007fcab475e000,0x00007fcab485e000] [id=33] _threads_hazard_ptr=0x00007fca40115210
  0x00007fcab0121f20 WatcherThread [stack: 0x00007fca96300000,0x00007fca96400000] [id=47]
  0x00007fcab003df30 GCTaskThread "GC Thread#0" [stack: 0x00007fcab6208000,0x00007fcab6308000] [id=32]

Threads with active compile tasks:
JVMCI-native CompilerThread0   398502 10452       4       java.util.Collections$SetFromMap::remove (19 bytes)

VM state: synchronizing (normal execution)

VM Mutex/Monitor currently owned by a thread:  ([mutex/lock_event])
[0x00007fcab0023840] Threads_lock - owner thread: 0x00007fcab00a1c10
[0x00007fcab0023ff0] Heap_lock - owner thread: 0x00007fca1441a3c0

OutOfMemory and StackOverflow Exception counts:
OutOfMemoryError java_heap_errors=3
LinkageErrors=73

Heap address: 0x00000000e0000000, size: 512 MB, Compressed Oops mode: 32-bit

CDS archive(s) mapped at: [0x0000000800000000-0x0000000800bc8000-0x0000000800bc8000), size 12353536, SharedBaseAddress: 0x0000000800000000, ArchiveRelocationMode: 0.
Compressed class space mapped at: 0x0000000800c00000-0x0000000840c00000, reserved size: 1073741824
Narrow klass base: 0x0000000800000000, Narrow klass shift: 0, Narrow klass range: 0x100000000

GC Precious Log:
 CPUs: 8 total, 1 available
 Memory: 1024M
 Large Page Support: Disabled
 NUMA Support: Disabled
 Compressed Oops: Enabled (32-bit)
 Alignments: Space 512K, Generation 512K, Heap 2M
 Heap Min Capacity: 100M
 Heap Initial Capacity: 100M
 Heap Max Capacity: 512M
 Pre-touch: Disabled
 Parallel Workers: 1

Heap:
 PSYoungGen      total 16384K, used 10240K [0x00000000f5580000, 0x00000000f6c80000, 0x0000000100000000)
  eden space 10240K, 100% used [0x00000000f5580000,0x00000000f5f80000,0x00000000f5f80000)
  from space 6144K, 0% used [0x00000000f6580000,0x00000000f6580000,0x00000000f6b80000)
  to   space 6144K, 0% used [0x00000000f5f80000,0x00000000f5f80000,0x00000000f6580000)
 ParOldGen       total 349696K, used 349695K [0x00000000e0000000, 0x00000000f5580000, 0x00000000f5580000)
  object space 349696K, 99% used [0x00000000e0000000,0x00000000f557ffe0,0x00000000f5580000)
 Metaspace       used 62906K, committed 63936K, reserved 1114112K
  class space    used 6156K, committed 6592K, reserved 1048576K

Card table byte_map: [0x00007fcab6308000,0x00007fcab6409000] _byte_map_base: 0x00007fcab5c08000

Marking Bits: (ParMarkBitMap*) 0x00007fcab7a584c0
 Begin Bits: [0x00007fcab515b000, 0x00007fcab595b000)
 End Bits:   [0x00007fcab595b000, 0x00007fcab615b000)

Polling page: 0x00007fcab6622000

Metaspace:

Usage:
  Non-class:     55.42 MB used.
      Class:      6.01 MB used.
       Both:     61.43 MB used.

Virtual space:
  Non-class space:       64.00 MB reserved,      56.00 MB ( 88%) committed,  8 nodes.
      Class space:        1.00 GB reserved,       6.44 MB ( <1%) committed,  1 nodes.
             Both:        1.06 GB reserved,      62.44 MB (  6%) committed. 

Chunk freelists:
   Non-Class:  3.44 MB
       Class:  1.57 MB
        Both:  5.02 MB

MaxMetaspaceSize: unlimited
CompressedClassSpaceSize: 1.00 GB
Initial GC threshold: 21.00 MB
Current GC threshold: 104.06 MB
CDS: on
MetaspaceReclaimPolicy: balanced
 - commit_granule_bytes: 65536.
 - commit_granule_words: 8192.
 - virtual_space_node_default_size: 1048576.
 - enlarge_chunks_in_place: 1.
 - new_chunks_are_fully_committed: 0.
 - uncommit_free_chunks: 1.
 - use_allocation_guard: 0.
 - handle_deallocations: 1.


Internal statistics:

num_allocs_failed_limit: 6.
num_arena_births: 530.
num_arena_deaths: 156.
num_vsnodes_births: 9.
num_vsnodes_deaths: 0.
num_space_committed: 998.
num_space_uncommitted: 0.
num_chunks_returned_to_freelist: 223.
num_chunks_taken_from_freelist: 3079.
num_chunk_merges: 86.
num_chunk_splits: 1961.
num_chunks_enlarged: 1208.
num_purges: 6.
num_inconsistent_stats: 0.

CodeHeap 'non-profiled nmethods': size=120036Kb used=3180Kb max_used=3180Kb free=116855Kb
 bounds [0x00007fca9ef7a000, 0x00007fca9f29a000, 0x00007fcaa64b3000]
CodeHeap 'profiled nmethods': size=120032Kb used=17231Kb max_used=17815Kb free=102800Kb
 bounds [0x00007fca97a42000, 0x00007fca98c32000, 0x00007fca9ef7a000]
CodeHeap 'non-nmethods': size=5692Kb used=1406Kb max_used=1419Kb free=4286Kb
 bounds [0x00007fca974b3000, 0x00007fca97723000, 0x00007fca97a42000]
 total_blobs=8729 nmethods=7986 adapters=636
 compilation: enabled
              stopped_count=0, restarted_count=0
 full_count=0

JVMCI Events (20 events):
Event: 242.159 Thread 0x00007fcab00b21e0 destroyed JavaVM[4]@0x00007fc9cba9e340 for JVMCI runtime 0
Event: 242.159 Thread 0x00007fcab00b21e0 compacted oop handles in JVMCI runtime 0 from 42 to 42
Event: 242.159 Thread 0x00007fcab00b21e0 releasing handles for JVMCI runtime 0: oop handles=42, metadata handles={total=88, live=77, blocks=36}
Event: 242.159 Thread 0x00007fcab00b21e0 detached from JVMCI runtime 0
Event: 246.384 Thread 0x00007fcab00b21e0 attached to JVMCI runtime 0
Event: 246.385 Thread 0x00007fcab00b21e0 created JavaVM[5]@0x00007fc9cba9e340 for JVMCI runtime 0
Event: 249.079 Thread 0x00007fcab00b21e0 initializing JVMCI runtime 0
Event: 249.079 Thread 0x00007fcab00b21e0 done waiting for JavaVM references initialization in JVMCI runtime 0
Event: 259.390 Thread 0x00007fcab00b21e0 initialized JVMCI runtime 0
Event: 264.785 Thread 0x00007fcab00b21e0 detaching from JVMCI runtime 0: releasing idle compiler thread (0 other threads still attached)
Event: 264.785 Thread 0x00007fcab00b21e0 shutting down HotSpotJVMCIRuntime for JVMCI runtime 0
Event: 264.785 Thread 0x00007fcab00b21e0 shut down JVMCI runtime 0
Event: 264.787 Thread 0x00007fcab00b21e0 destroyed JavaVM[5]@0x00007fc9cba9e340 for JVMCI runtime 0
Event: 264.787 Thread 0x00007fcab00b21e0 compacted oop handles in JVMCI runtime 0 from 47 to 47
Event: 264.787 Thread 0x00007fcab00b21e0 releasing handles for JVMCI runtime 0: oop handles=47, metadata handles={total=96, live=83, blocks=36}
Event: 264.787 Thread 0x00007fcab00b21e0 detached from JVMCI runtime 0
Event: 375.854 Thread 0x00007fcab00b21e0 attached to JVMCI runtime 0
Event: 375.856 Thread 0x00007fcab00b21e0 created JavaVM[6]@0x00007fc9cba9e340 for JVMCI runtime 0
Event: 375.856 Thread 0x00007fcab00b21e0 initializing JVMCI runtime 0
Event: 375.856 Thread 0x00007fcab00b21e0 done waiting for JavaVM references initialization in JVMCI runtime 0

Compilation events (20 events):
Event: 119.766 Thread 0x00007fcab00b21e0 nmethod 10443 0x00007fca9f293f90 code [0x00007fca9f294120, 0x00007fca9f2945f0]
Event: 119.766 Thread 0x00007fcab00b21e0 10438       4       java.io.DataOutputStream::writeUTF (7 bytes)
Event: 119.776 Thread 0x00007fcab00b21e0 nmethod 10438 0x00007fca9f294890 code [0x00007fca9f294a20, 0x00007fca9f294a90]
Event: 128.843 Thread 0x00007fcab00b36f0 10444       3       java.lang.StringBuffer::<init> (6 bytes)
Event: 128.844 Thread 0x00007fcab00b36f0 nmethod 10444 0x00007fca987e0890 code [0x00007fca987e0a40, 0x00007fca987e0b80]
Event: 167.462 Thread 0x00007fcab00b21e0 10445       4       jdk.internal.misc.Unsafe::checkPointer (19 bytes)
Event: 226.194 Thread 0x00007fcab00b36f0 10446       3       java.util.concurrent.Executors$RunnableAdapter::call (14 bytes)
Event: 228.922 Thread 0x00007fcab00b36f0 nmethod 10446 0x00007fca98233d90 code [0x00007fca98233f40, 0x00007fca98234280]
Event: 231.480 Thread 0x00007fcab00b36f0 10447       3       org.eclipse.jdt.ls.core.internal.handlers.ProgressReporterManager$ProgressReporter::subTask (40 bytes)
Event: 231.481 Thread 0x00007fcab00b36f0 nmethod 10447 0x00007fca98233710 code [0x00007fca982338e0, 0x00007fca98233c10]
Event: 240.712 Thread 0x00007fcab00b21e0 nmethod 10445 0x00007fca9f294c10 code [0x00007fca9f294d80, 0x00007fca9f294e00]
Event: 246.384 Thread 0x00007fcab00b21e0 10448       4       com.google.gson.stream.JsonReader::hasNext (30 bytes)
Event: 263.470 Thread 0x00007fcab00b21e0 nmethod 10448 0x00007fca9f294f10 code [0x00007fca9f2950a0, 0x00007fca9f295150]
Event: 293.681 Thread 0x00007fcab00b36f0 10449       3       java.util.LinkedList::get (14 bytes)
Event: 297.350 Thread 0x00007fcab00b36f0 nmethod 10449 0x00007fca982ee590 code [0x00007fca982ee780, 0x00007fca982eed40]
Event: 342.183 Thread 0x00007fcab00b36f0 10450       3       java.util.ArrayDeque$DeqIterator::hasNext (13 bytes)
Event: 343.490 Thread 0x00007fcab00b36f0 nmethod 10450 0x00007fca9844b010 code [0x00007fca9844b1a0, 0x00007fca9844b310]
Event: 351.156 Thread 0x00007fcab00b36f0 10451       3       java.util.concurrent.locks.AbstractQueuedSynchronizer$ConditionObject::canReacquire (28 bytes)
Event: 352.566 Thread 0x00007fcab00b36f0 nmethod 10451 0x00007fca9846f910 code [0x00007fca9846fac0, 0x00007fca9846fe10]
Event: 375.854 Thread 0x00007fcab00b21e0 10452       4       java.util.Collections$SetFromMap::remove (19 bytes)

GC Heap History (20 events):
Event: 384.887 GC heap before
{Heap before GC invocations=414 (full 224):
 PSYoungGen      total 16384K, used 10239K [0x00000000f5580000, 0x00000000f6c80000, 0x0000000100000000)
  eden space 10240K, 99% used [0x00000000f5580000,0x00000000f5f7fff0,0x00000000f5f80000)
  from space 6144K, 0% used [0x00000000f6580000,0x00000000f6580000,0x00000000f6b80000)
  to   space 6144K, 0% used [0x00000000f5f80000,0x00000000f5f80000,0x00000000f6580000)
 ParOldGen       total 349696K, used 349695K [0x00000000e0000000, 0x00000000f5580000, 0x00000000f5580000)
  object space 349696K, 99% used [0x00000000e0000000,0x00000000f557ffb0,0x00000000f5580000)
 Metaspace       used 62904K, committed 63936K, reserved 1114112K
  class space    used 6156K, committed 6592K, reserved 1048576K
}
Event: 386.185 GC heap after
{Heap after GC invocations=414 (full 224):
 PSYoungGen      total 16384K, used 10239K [0x00000000f5580000, 0x00000000f6c80000, 0x0000000100000000)
  eden space 10240K, 99% used [0x00000000f5580000,0x00000000f5f7ffd8,0x00000000f5f80000)
  from space 6144K, 0% used [0x00000000f5f80000,0x00000000f5f80000,0x00000000f6580000)
  to   space 6144K, 0% used [0x00000000f6580000,0x00000000f6580000,0x00000000f6b80000)
 ParOldGen       total 349696K, used 349695K [0x00000000e0000000, 0x00000000f5580000, 0x00000000f5580000)
  object space 349696K, 99% used [0x00000000e0000000,0x00000000f557fc80,0x00000000f5580000)
 Metaspace       used 62904K, committed 63936K, reserved 1114112K
  class space    used 6156K, committed 6592K, reserved 1048576K
}
Event: 386.185 GC heap before
{Heap before GC invocations=415 (full 225):
 PSYoungGen      total 16384K, used 10240K [0x00000000f5580000, 0x00000000f6c80000, 0x0000000100000000)
  eden space 10240K, 100% used [0x00000000f5580000,0x00000000f5f80000,0x00000000f5f80000)
  from space 6144K, 0% used [0x00000000f5f80000,0x00000000f5f80000,0x00000000f6580000)
  to   space 6144K, 0% used [0x00000000f6580000,0x00000000f6580000,0x00000000f6b80000)
 ParOldGen       total 349696K, used 349695K [0x00000000e0000000, 0x00000000f5580000, 0x00000000f5580000)
  object space 349696K, 99% used [0x00000000e0000000,0x00000000f557fff0,0x00000000f5580000)
 Metaspace       used 62904K, committed 63936K, reserved 1114112K
  class space    used 6156K, committed 6592K, reserved 1048576K
}
Event: 387.554 GC heap after
{Heap after GC invocations=415 (full 225):
 PSYoungGen      total 16384K, used 10239K [0x00000000f5580000, 0x00000000f6c80000, 0x0000000100000000)
  eden space 10240K, 99% used [0x00000000f5580000,0x00000000f5f7ffd8,0x00000000f5f80000)
  from space 6144K, 0% used [0x00000000f6580000,0x00000000f6580000,0x00000000f6b80000)
  to   space 6144K, 0% used [0x00000000f5f80000,0x00000000f5f80000,0x00000000f6580000)
 ParOldGen       total 349696K, used 349694K [0x00000000e0000000, 0x00000000f5580000, 0x00000000f5580000)
  object space 349696K, 99% used [0x00000000e0000000,0x00000000f557faf0,0x00000000f5580000)
 Metaspace       used 62904K, committed 63936K, reserved 1114112K
  class space    used 6156K, committed 6592K, reserved 1048576K
}
Event: 387.554 GC heap before
{Heap before GC invocations=416 (full 226):
 PSYoungGen      total 16384K, used 10239K [0x00000000f5580000, 0x00000000f6c80000, 0x0000000100000000)
  eden space 10240K, 99% used [0x00000000f5580000,0x00000000f5f7fff0,0x00000000f5f80000)
  from space 6144K, 0% used [0x00000000f6580000,0x00000000f6580000,0x00000000f6b80000)
  to   space 6144K, 0% used [0x00000000f5f80000,0x00000000f5f80000,0x00000000f6580000)
 ParOldGen       total 349696K, used 349694K [0x00000000e0000000, 0x00000000f5580000, 0x00000000f5580000)
  object space 349696K, 99% used [0x00000000e0000000,0x00000000f557faf0,0x00000000f5580000)
 Metaspace       used 62904K, committed 63936K, reserved 1114112K
  class space    used 6156K, committed 6592K, reserved 1048576K
}
Event: 388.930 GC heap after
{Heap after GC invocations=416 (full 226):
 PSYoungGen      total 16384K, used 10239K [0x00000000f5580000, 0x00000000f6c80000, 0x0000000100000000)
  eden space 10240K, 99% used [0x00000000f5580000,0x00000000f5f7ffc0,0x00000000f5f80000)
  from space 6144K, 0% used [0x00000000f5f80000,0x00000000f5f80000,0x00000000f6580000)
  to   space 6144K, 0% used [0x00000000f6580000,0x00000000f6580000,0x00000000f6b80000)
 ParOldGen       total 349696K, used 349693K [0x00000000e0000000, 0x00000000f5580000, 0x00000000f5580000)
  object space 349696K, 99% used [0x00000000e0000000,0x00000000f557f590,0x00000000f5580000)
 Metaspace       used 62904K, committed 63936K, reserved 1114112K
  class space    used 6156K, committed 6592K, reserved 1048576K
}
Event: 388.948 GC heap before
{Heap before GC invocations=417 (full 227):
 PSYoungGen      total 16384K, used 10239K [0x00000000f5580000, 0x00000000f6c80000, 0x0000000100000000)
  eden space 10240K, 99% used [0x00000000f5580000,0x00000000f5f7fff8,0x00000000f5f80000)
  from space 6144K, 0% used [0x00000000f5f80000,0x00000000f5f80000,0x00000000f6580000)
  to   space 6144K, 0% used [0x00000000f6580000,0x00000000f6580000,0x00000000f6b80000)
 ParOldGen       total 349696K, used 349693K [0x00000000e0000000, 0x00000000f5580000, 0x00000000f5580000)
  object space 349696K, 99% used [0x00000000e0000000,0x00000000f557f590,0x00000000f5580000)
 Metaspace       used 62904K, committed 63936K, reserved 1114112K
  class space    used 6156K, committed 6592K, reserved 1048576K
}
Event: 390.348 GC heap after
{Heap after GC invocations=417 (full 227):
 PSYoungGen      total 16384K, used 10239K [0x00000000f5580000, 0x00000000f6c80000, 0x0000000100000000)
  eden space 10240K, 99% used [0x00000000f5580000,0x00000000f5f7fee0,0x00000000f5f80000)
  from space 6144K, 0% used [0x00000000f6580000,0x00000000f6580000,0x00000000f6b80000)
  to   space 6144K, 0% used [0x00000000f5f80000,0x00000000f5f80000,0x00000000f6580000)
 ParOldGen       total 349696K, used 349693K [0x00000000e0000000, 0x00000000f5580000, 0x00000000f5580000)
  object space 349696K, 99% used [0x00000000e0000000,0x00000000f557f568,0x00000000f5580000)
 Metaspace       used 62904K, committed 63936K, reserved 1114112K
  class space    used 6156K, committed 6592K, reserved 1048576K
}
Event: 390.351 GC heap before
{Heap before GC invocations=418 (full 228):
 PSYoungGen      total 16384K, used 10239K [0x00000000f5580000, 0x00000000f6c80000, 0x0000000100000000)
  eden space 10240K, 99% used [0x00000000f5580000,0x00000000f5f7fff8,0x00000000f5f80000)
  from space 6144K, 0% used [0x00000000f6580000,0x00000000f6580000,0x00000000f6b80000)
  to   space 6144K, 0% used [0x00000000f5f80000,0x00000000f5f80000,0x00000000f6580000)
 ParOldGen       total 349696K, used 349693K [0x00000000e0000000, 0x00000000f5580000, 0x00000000f5580000)
  object space 349696K, 99% used [0x00000000e0000000,0x00000000f557f568,0x00000000f5580000)
 Metaspace       used 62904K, committed 63936K, reserved 1114112K
  class space    used 6156K, committed 6592K, reserved 1048576K
}
Event: 391.796 GC heap after
{Heap after GC invocations=418 (full 228):
 PSYoungGen      total 16384K, used 10239K [0x00000000f5580000, 0x00000000f6c80000, 0x0000000100000000)
  eden space 10240K, 99% used [0x00000000f5580000,0x00000000f5f7fff8,0x00000000f5f80000)
  from space 6144K, 0% used [0x00000000f5f80000,0x00000000f5f80000,0x00000000f6580000)
  to   space 6144K, 0% used [0x00000000f6580000,0x00000000f6580000,0x00000000f6b80000)
 ParOldGen       total 349696K, used 349693K [0x00000000e0000000, 0x00000000f5580000, 0x00000000f5580000)
  object space 349696K, 99% used [0x00000000e0000000,0x00000000f557f548,0x00000000f5580000)
 Metaspace       used 62904K, committed 63936K, reserved 1114112K
  class space    used 6156K, committed 6592K, reserved 1048576K
}
Event: 391.798 GC heap before
{Heap before GC invocations=419 (full 229):
 PSYoungGen      total 16384K, used 10239K [0x00000000f5580000, 0x00000000f6c80000, 0x0000000100000000)
  eden space 10240K, 99% used [0x00000000f5580000,0x00000000f5f7fff8,0x00000000f5f80000)
  from space 6144K, 0% used [0x00000000f5f80000,0x00000000f5f80000,0x00000000f6580000)
  to   space 6144K, 0% used [0x00000000f6580000,0x00000000f6580000,0x00000000f6b80000)
 ParOldGen       total 349696K, used 349695K [0x00000000e0000000, 0x00000000f5580000, 0x00000000f5580000)
  object space 349696K, 99% used [0x00000000e0000000,0x00000000f557fff8,0x00000000f5580000)
 Metaspace       used 62905K, committed 63936K, reserved 1114112K
  class space    used 6156K, committed 6592K, reserved 1048576K
}
Event: 393.353 GC heap after
{Heap after GC invocations=419 (full 229):
 PSYoungGen      total 16384K, used 10239K [0x00000000f5580000, 0x00000000f6c80000, 0x0000000100000000)
  eden space 10240K, 99% used [0x00000000f5580000,0x00000000f5f7fff8,0x00000000f5f80000)
  from space 6144K, 0% used [0x00000000f6580000,0x00000000f6580000,0x00000000f6b80000)
  to   space 6144K, 0% used [0x00000000f5f80000,0x00000000f5f80000,0x00000000f6580000)
 ParOldGen       total 349696K, used 349694K [0x00000000e0000000, 0x00000000f5580000, 0x00000000f5580000)
  object space 349696K, 99% used [0x00000000e0000000,0x00000000f557f898,0x00000000f5580000)
 Metaspace       used 62905K, committed 63936K, reserved 1114112K
  class space    used 6156K, committed 6592K, reserved 1048576K
}
Event: 393.355 GC heap before
{Heap before GC invocations=420 (full 230):
 PSYoungGen      total 16384K, used 10239K [0x00000000f5580000, 0x00000000f6c80000, 0x0000000100000000)
  eden space 10240K, 99% used [0x00000000f5580000,0x00000000f5f7fff8,0x00000000f5f80000)
  from space 6144K, 0% used [0x00000000f6580000,0x00000000f6580000,0x00000000f6b80000)
  to   space 6144K, 0% used [0x00000000f5f80000,0x00000000f5f80000,0x00000000f6580000)
 ParOldGen       total 349696K, used 349694K [0x00000000e0000000, 0x00000000f5580000, 0x00000000f5580000)
  object space 349696K, 99% used [0x00000000e0000000,0x00000000f557fbd8,0x00000000f5580000)
 Metaspace       used 62905K, committed 63936K, reserved 1114112K
  class space    used 6156K, committed 6592K, reserved 1048576K
}
Event: 394.864 GC heap after
{Heap after GC invocations=420 (full 230):
 PSYoungGen      total 16384K, used 10239K [0x00000000f5580000, 0x00000000f6c80000, 0x0000000100000000)
  eden space 10240K, 99% used [0x00000000f5580000,0x00000000f5f7fe10,0x00000000f5f80000)
  from space 6144K, 0% used [0x00000000f5f80000,0x00000000f5f80000,0x00000000f6580000)
  to   space 6144K, 0% used [0x00000000f6580000,0x00000000f6580000,0x00000000f6b80000)
 ParOldGen       total 349696K, used 349694K [0x00000000e0000000, 0x00000000f5580000, 0x00000000f5580000)
  object space 349696K, 99% used [0x00000000e0000000,0x00000000f557f800,0x00000000f5580000)
 Metaspace       used 62905K, committed 63936K, reserved 1114112K
  class space    used 6156K, committed 6592K, reserved 1048576K
}
Event: 394.864 GC heap before
{Heap before GC invocations=421 (full 231):
 PSYoungGen      total 16384K, used 10239K [0x00000000f5580000, 0x00000000f6c80000, 0x0000000100000000)
  eden space 10240K, 99% used [0x00000000f5580000,0x00000000f5f7fff8,0x00000000f5f80000)
  from space 6144K, 0% used [0x00000000f5f80000,0x00000000f5f80000,0x00000000f6580000)
  to   space 6144K, 0% used [0x00000000f6580000,0x00000000f6580000,0x00000000f6b80000)
 ParOldGen       total 349696K, used 349694K [0x00000000e0000000, 0x00000000f5580000, 0x00000000f5580000)
  object space 349696K, 99% used [0x00000000e0000000,0x00000000f557f800,0x00000000f5580000)
 Metaspace       used 62905K, committed 63936K, reserved 1114112K
  class space    used 6156K, committed 6592K, reserved 1048576K
}
Event: 396.112 GC heap after
{Heap after GC invocations=421 (full 231):
 PSYoungGen      total 16384K, used 10239K [0x00000000f5580000, 0x00000000f6c80000, 0x0000000100000000)
  eden space 10240K, 99% used [0x00000000f5580000,0x00000000f5f7ff28,0x00000000f5f80000)
  from space 6144K, 0% used [0x00000000f6580000,0x00000000f6580000,0x00000000f6b80000)
  to   space 6144K, 0% used [0x00000000f5f80000,0x00000000f5f80000,0x00000000f6580000)
 ParOldGen       total 349696K, used 349694K [0x00000000e0000000, 0x00000000f5580000, 0x00000000f5580000)
  object space 349696K, 99% used [0x00000000e0000000,0x00000000f557f800,0x00000000f5580000)
 Metaspace       used 62905K, committed 63936K, reserved 1114112K
  class space    used 6156K, committed 6592K, reserved 1048576K
}
Event: 396.112 GC heap before
{Heap before GC invocations=422 (full 232):
 PSYoungGen      total 16384K, used 10239K [0x00000000f5580000, 0x00000000f6c80000, 0x0000000100000000)
  eden space 10240K, 99% used [0x00000000f5580000,0x00000000f5f7ff90,0x00000000f5f80000)
  from space 6144K, 0% used [0x00000000f6580000,0x00000000f6580000,0x00000000f6b80000)
  to   space 6144K, 0% used [0x00000000f5f80000,0x00000000f5f80000,0x00000000f6580000)
 ParOldGen       total 349696K, used 349694K [0x00000000e0000000, 0x00000000f5580000, 0x00000000f5580000)
  object space 349696K, 99% used [0x00000000e0000000,0x00000000f557f800,0x00000000f5580000)
 Metaspace       used 62905K, committed 63936K, reserved 1114112K
  class space    used 6156K, committed 6592K, reserved 1048576K
}
Event: 397.253 GC heap after
{Heap after GC invocations=422 (full 232):
 PSYoungGen      total 16384K, used 10239K [0x00000000f5580000, 0x00000000f6c80000, 0x0000000100000000)
  eden space 10240K, 99% used [0x00000000f5580000,0x00000000f5f7ff40,0x00000000f5f80000)
  from space 6144K, 0% used [0x00000000f5f80000,0x00000000f5f80000,0x00000000f6580000)
  to   space 6144K, 0% used [0x00000000f6580000,0x00000000f6580000,0x00000000f6b80000)
 ParOldGen       total 349696K, used 349694K [0x00000000e0000000, 0x00000000f5580000, 0x00000000f5580000)
  object space 349696K, 99% used [0x00000000e0000000,0x00000000f557f800,0x00000000f5580000)
 Metaspace       used 62905K, committed 63936K, reserved 1114112K
  class space    used 6156K, committed 6592K, reserved 1048576K
}
Event: 397.253 GC heap before
{Heap before GC invocations=423 (full 233):
 PSYoungGen      total 16384K, used 10239K [0x00000000f5580000, 0x00000000f6c80000, 0x0000000100000000)
  eden space 10240K, 99% used [0x00000000f5580000,0x00000000f5f7ff40,0x00000000f5f80000)
  from space 6144K, 0% used [0x00000000f5f80000,0x00000000f5f80000,0x00000000f6580000)
  to   space 6144K, 0% used [0x00000000f6580000,0x00000000f6580000,0x00000000f6b80000)
 ParOldGen       total 349696K, used 349694K [0x00000000e0000000, 0x00000000f5580000, 0x00000000f5580000)
  object space 349696K, 99% used [0x00000000e0000000,0x00000000f557f800,0x00000000f5580000)
 Metaspace       used 62905K, committed 63936K, reserved 1114112K
  class space    used 6156K, committed 6592K, reserved 1048576K
}
Event: 398.447 GC heap after
{Heap after GC invocations=423 (full 233):
 PSYoungGen      total 16384K, used 10239K [0x00000000f5580000, 0x00000000f6c80000, 0x0000000100000000)
  eden space 10240K, 99% used [0x00000000f5580000,0x00000000f5f7ff40,0x00000000f5f80000)
  from space 6144K, 0% used [0x00000000f6580000,0x00000000f6580000,0x00000000f6b80000)
  to   space 6144K, 0% used [0x00000000f5f80000,0x00000000f5f80000,0x00000000f6580000)
 ParOldGen       total 349696K, used 349694K [0x00000000e0000000, 0x00000000f5580000, 0x00000000f5580000)
  object space 349696K, 99% used [0x00000000e0000000,0x00000000f557f800,0x00000000f5580000)
 Metaspace       used 62905K, committed 63936K, reserved 1114112K
  class space    used 6156K, committed 6592K, reserved 1048576K
}

Dll operation events (9 events):
Event: 0.002 Loaded shared library /nix/store/gpxl5qgg8kicmcvivwmybwjlpf7wh20l-graalvm17-ce-22.3.0/lib/libjava.so
Event: 0.017 Loaded shared library /nix/store/gpxl5qgg8kicmcvivwmybwjlpf7wh20l-graalvm17-ce-22.3.0/lib/libjsvml.so
Event: 0.354 Loaded shared library /nix/store/gpxl5qgg8kicmcvivwmybwjlpf7wh20l-graalvm17-ce-22.3.0/lib/libjvmcicompiler.so
Event: 0.393 Loaded shared library /nix/store/gpxl5qgg8kicmcvivwmybwjlpf7wh20l-graalvm17-ce-22.3.0/lib/libnio.so
Event: 0.467 Loaded shared library /nix/store/gpxl5qgg8kicmcvivwmybwjlpf7wh20l-graalvm17-ce-22.3.0/lib/libzip.so
Event: 0.885 Loaded shared library /nix/store/gpxl5qgg8kicmcvivwmybwjlpf7wh20l-graalvm17-ce-22.3.0/lib/libjimage.so
Event: 1.455 Loaded shared library /nix/store/gpxl5qgg8kicmcvivwmybwjlpf7wh20l-graalvm17-ce-22.3.0/lib/libnet.so
Event: 5.384 Loaded shared library /home/runner/.cache/jdt-language-server/config/org.eclipse.equinox.launcher/org.eclipse.equinox.launcher.gtk.linux.x86_64_1.2.400.v20211117-0650/eclipse_11600.so
Event: 15.752 Loaded shared library /nix/store/gpxl5qgg8kicmcvivwmybwjlpf7wh20l-graalvm17-ce-22.3.0/lib/libextnet.so

Deoptimization events (20 events):
Event: 101.159 Thread 0x00007fca300489e0 DEOPT PACKING pc=0x00007fca9840e7e2 sp=0x00007fca5ccfdfe0
Event: 101.159 Thread 0x00007fca300489e0 DEOPT UNPACKING pc=0x00007fca97505325 sp=0x00007fca5ccfd418 mode 0
Event: 101.165 Thread 0x00007fca300489e0 DEOPT PACKING pc=0x00007fca9840e7e2 sp=0x00007fca5ccfe0d0
Event: 101.165 Thread 0x00007fca300489e0 DEOPT UNPACKING pc=0x00007fca97505325 sp=0x00007fca5ccfd508 mode 0
Event: 101.171 Thread 0x00007fca300489e0 DEOPT PACKING pc=0x00007fca9840e7e2 sp=0x00007fca5ccfe0d0
Event: 101.171 Thread 0x00007fca300489e0 DEOPT UNPACKING pc=0x00007fca97505325 sp=0x00007fca5ccfd508 mode 0
Event: 101.176 Thread 0x00007fca300489e0 DEOPT PACKING pc=0x00007fca9840e7e2 sp=0x00007fca5ccfe0d0
Event: 101.176 Thread 0x00007fca300489e0 DEOPT UNPACKING pc=0x00007fca97505325 sp=0x00007fca5ccfd508 mode 0
Event: 109.126 Thread 0x00007fca300489e0 DEOPT PACKING pc=0x00007fca98a357e1 sp=0x00007fca5ccfe3a0
Event: 109.126 Thread 0x00007fca300489e0 DEOPT UNPACKING pc=0x00007fca97505325 sp=0x00007fca5ccfd860 mode 0
Event: 111.261 Thread 0x00007fca300489e0 DEOPT PACKING pc=0x00007fca986fc6d2 sp=0x00007fca5ccfe5f0
Event: 111.261 Thread 0x00007fca300489e0 DEOPT UNPACKING pc=0x00007fca97505325 sp=0x00007fca5ccfdb10 mode 0
Event: 112.482 Thread 0x00007fca300489e0 Uncommon trap: trap_request=0xffffffed fr.pc=0x00007fca9f250184 relative=0x00000000000017c4
Event: 112.482 Thread 0x00007fca300489e0 Uncommon trap: reason=null_assert_or_unreached0 action=reinterpret pc=0x00007fca9f250184 method=java.util.concurrent.ConcurrentHashMap.computeIfAbsent(Ljava/lang/Object;Ljava/util/function/Function;)Ljava/lang/Object; @ 36 jvmci
Event: 112.482 Thread 0x00007fca300489e0 DEOPT PACKING pc=0x00007fca9f250184 sp=0x00007fca5ccfe480
Event: 112.482 Thread 0x00007fca300489e0 DEOPT UNPACKING pc=0x00007fca97505325 sp=0x00007fca5ccfd920 mode 3
Event: 117.355 Thread 0x00007fca300489e0 Uncommon trap: trap_request=0xffffffed fr.pc=0x00007fca9f23b4c3 relative=0x0000000000001603
Event: 117.355 Thread 0x00007fca300489e0 Uncommon trap: reason=null_assert_or_unreached0 action=reinterpret pc=0x00007fca9f23b4c3 method=org.eclipse.jdt.internal.core.index.DiskIndex.writeAllDocumentNames([Ljava/lang/String;Ljava/io/FileOutputStream;)V @ 75 jvmci
Event: 117.355 Thread 0x00007fca300489e0 DEOPT PACKING pc=0x00007fca9f23b4c3 sp=0x00007fca5ccfe550
Event: 117.355 Thread 0x00007fca300489e0 DEOPT UNPACKING pc=0x00007fca97505325 sp=0x00007fca5ccfda28 mode 3

Classes unloaded (20 events):
Event: 88.493 Thread 0x00007fcab00a1c10 Unloading class 0x0000000800d98800 'java/lang/invoke/LambdaForm$MH+0x0000000800d98800'
Event: 88.493 Thread 0x00007fcab00a1c10 Unloading class 0x0000000800d98400 'java/lang/invoke/LambdaForm$MH+0x0000000800d98400'
Event: 88.493 Thread 0x00007fcab00a1c10 Unloading class 0x0000000800d98000 'jdk/internal/reflect/GeneratedConstructorAccessor3'
Event: 88.493 Thread 0x00007fcab00a1c10 Unloading class 0x0000000800d06800 'java/lang/invoke/LambdaForm$MH+0x0000000800d06800'
Event: 88.493 Thread 0x00007fcab00a1c10 Unloading class 0x0000000800d06000 'java/lang/invoke/LambdaForm$MH+0x0000000800d06000'
Event: 88.493 Thread 0x00007fcab00a1c10 Unloading class 0x0000000800d05c00 'java/lang/invoke/LambdaForm$MH+0x0000000800d05c00'
Event: 88.493 Thread 0x00007fcab00a1c10 Unloading class 0x0000000800d05800 'java/lang/invoke/LambdaForm$MH+0x0000000800d05800'
Event: 88.493 Thread 0x00007fcab00a1c10 Unloading class 0x0000000800d05000 'java/lang/invoke/LambdaForm$MH+0x0000000800d05000'
Event: 88.493 Thread 0x00007fcab00a1c10 Unloading class 0x0000000800d04c00 'java/lang/invoke/LambdaForm$MH+0x0000000800d04c00'
Event: 88.493 Thread 0x00007fcab00a1c10 Unloading class 0x0000000800d04800 'java/lang/invoke/LambdaForm$MH+0x0000000800d04800'
Event: 88.493 Thread 0x00007fcab00a1c10 Unloading class 0x0000000800d04000 'java/lang/invoke/LambdaForm$MH+0x0000000800d04000'
Event: 88.493 Thread 0x00007fcab00a1c10 Unloading class 0x0000000800c1d000 'jdk/internal/reflect/GeneratedMethodAccessor5'
Event: 88.493 Thread 0x00007fcab00a1c10 Unloading class 0x0000000800c1cc00 'jdk/internal/reflect/GeneratedMethodAccessor4'
Event: 88.493 Thread 0x00007fcab00a1c10 Unloading class 0x0000000800c1c800 'jdk/internal/reflect/GeneratedMethodAccessor3'
Event: 88.493 Thread 0x00007fcab00a1c10 Unloading class 0x0000000800c1c400 'jdk/internal/reflect/GeneratedMethodAccessor2'
Event: 88.493 Thread 0x00007fcab00a1c10 Unloading class 0x0000000800c1c000 'jdk/internal/reflect/GeneratedMethodAccessor1'
Event: 88.493 Thread 0x00007fcab00a1c10 Unloading class 0x0000000800c01c00 'java/lang/invoke/LambdaForm$DMH+0x0000000800c01c00'
Event: 97.380 Thread 0x00007fcab00a1c10 Unloading class 0x0000000801145800 'java/lang/invoke/LambdaForm$DMH+0x0000000801145800'
Event: 128.183 Thread 0x00007fcab00a1c10 Unloading class 0x0000000801118c00 'jdk/internal/reflect/GeneratedConstructorAccessor46'
Event: 128.183 Thread 0x00007fcab00a1c10 Unloading class 0x000000080112d400 'jdk/internal/reflect/GeneratedConstructorAccessor45'

Classes redefined (0 events):
No events

Internal exceptions (20 events):
Event: 47.471 Thread 0x00007fca1c0f0d30 Implicit null exception at 0x00007fca9f1773a2 to 0x00007fca9f177732
Event: 48.159 Thread 0x00007fca1c0f0d30 Implicit null exception at 0x00007fca9f0c8de9 to 0x00007fca9f0c8f9b
Event: 58.178 Thread 0x00007fca44480830 Implicit null exception at 0x00007fca9f1891bd to 0x00007fca9f1896aa
Event: 63.201 Thread 0x00007fca40108db0 Exception <a 'java/lang/NoSuchMethodError'{0x00000000f5f71208}: 'java.lang.Object java.lang.invoke.DirectMethodHandle$Holder.invokeStatic(java.lang.Object, int, java.lang.Object, java.lang.Object, java.lang.Object, java.lang.Object)'> (0x00000000f5f71208) 
thrown [src/hotspot/share/interpreter/linkResolver.cpp, line 758]
Event: 63.204 Thread 0x00007fca40108db0 Exception <a 'java/lang/NoSuchMethodError'{0x00000000f5f89c00}: 'java.lang.Object java.lang.invoke.DirectMethodHandle$Holder.newInvokeSpecial(java.lang.Object, int, java.lang.Object, java.lang.Object, java.lang.Object)'> (0x00000000f5f89c00) 
thrown [src/hotspot/share/interpreter/linkResolver.cpp, line 758]
Event: 63.789 Thread 0x00007fca40107aa0 Exception <a 'java/lang/NoSuchMethodError'{0x00000000f6bdde40}: 'void java.lang.invoke.DirectMethodHandle$Holder.invokeSpecial(java.lang.Object, java.lang.Object, int)'> (0x00000000f6bdde40) 
thrown [src/hotspot/share/interpreter/linkResolver.cpp, line 758]
Event: 64.956 Thread 0x00007fca40109eb0 Exception <a 'java/lang/NoSuchMethodError'{0x00000000f73a1a38}: 'int java.lang.invoke.DirectMethodHandle$Holder.invokeSpecialIFC(java.lang.Object, java.lang.Object, java.lang.Object, java.lang.Object)'> (0x00000000f73a1a38) 
thrown [src/hotspot/share/interpreter/linkResolver.cpp, line 758]
Event: 92.599 Thread 0x00007fca44480830 Exception <a 'java/lang/OutOfMemoryError'{0x00000000e0004bd8}> (0x00000000e0004bd8) 
thrown [src/hotspot/share/gc/shared/memAllocator.cpp, line 138]
Event: 92.599 Thread 0x00007fca44480830 Implicit null exception at 0x00007fca9f209ffd to 0x00007fca9f20a264
Event: 97.076 Thread 0x00007fca44480830 Exception <a 'java/lang/OutOfMemoryError'{0x00000000e0004098}> (0x00000000e0004098) 
thrown [src/hotspot/share/gc/shared/memAllocator.cpp, line 136]
Event: 97.091 Thread 0x00007fca4010eb80 Exception <a 'java/lang/NoSuchMethodError'{0x00000000f6dad710}: 'void java.lang.invoke.DirectMethodHandle$Holder.invokeVirtual(java.lang.Object, java.lang.Object)'> (0x00000000f6dad710) 
thrown [src/hotspot/share/interpreter/linkResolver.cpp, line 758]
Event: 97.091 Thread 0x00007fca4010afc0 Exception <a 'java/lang/NoSuchMethodError'{0x00000000f6daa078}: 'void java.lang.invoke.DirectMethodHandle$Holder.invokeVirtual(java.lang.Object, java.lang.Object)'> (0x00000000f6daa078) 
thrown [src/hotspot/share/interpreter/linkResolver.cpp, line 758]
Event: 97.846 Thread 0x00007fca4011e830 Exception <a 'java/io/FileNotFoundException'{0x00000000f56746e8}> (0x00000000f56746e8) 
thrown [src/hotspot/share/prims/jni.cpp, line 516]
Event: 97.860 Thread 0x00007fca4010eb80 Exception <a 'java/lang/NoSuchMethodError'{0x00000000f57b1280}: 'java.lang.Object java.lang.invoke.DirectMethodHandle$Holder.newInvokeSpecial(java.lang.Object, java.lang.Object, int, java.lang.Object, java.lang.Object, java.lang.Object, java.lang.Object)'> (0x00000000f57b1280) 
thrown [src/hotspot/share/interpreter/linkResolver.cpp, line 758]
Event: 97.952 Thread 0x00007fca300489e0 Implicit null exception at 0x00007fca9f18b93b to 0x00007fca97504f68
Event: 98.161 Thread 0x00007fca300489e0 Exception <a 'sun/nio/fs/UnixException'{0x00000000f5a93488}> (0x00000000f5a93488) 
thrown [src/hotspot/share/prims/jni.cpp, line 516]
Event: 98.254 Thread 0x00007fca300489e0 Exception <a 'sun/nio/fs/UnixException'{0x00000000f5ccbab0}> (0x00000000f5ccbab0) 
thrown [src/hotspot/share/prims/jni.cpp, line 516]
Event: 99.176 Thread 0x00007fca300489e0 Exception <a 'sun/nio/fs/UnixException'{0x00000000f5bfcde0}> (0x00000000f5bfcde0) 
thrown [src/hotspot/share/prims/jni.cpp, line 516]
Event: 99.775 Thread 0x00007fca300489e0 Implicit null exception at 0x00007fca9f1e17d6 to 0x00007fca9f1e34aa
Event: 398.447 Thread 0x00007fcab00b21e0 Exception <a 'java/lang/OutOfMemoryError'{0x00000000e00043b8}> (0x00000000e00043b8) 
thrown [src/hotspot/share/gc/shared/memAllocator.cpp, line 136]

VM Operations (20 events):
Event: 383.483 Executing VM operation: ParallelGCFailedAllocation
Event: 384.887 Executing VM operation: ParallelGCFailedAllocation done
Event: 384.887 Executing VM operation: ParallelGCFailedAllocation
Event: 386.185 Executing VM operation: ParallelGCFailedAllocation done
Event: 386.185 Executing VM operation: ParallelGCFailedAllocation
Event: 387.554 Executing VM operation: ParallelGCFailedAllocation done
Event: 387.554 Executing VM operation: ParallelGCFailedAllocation
Event: 388.947 Executing VM operation: ParallelGCFailedAllocation done
Event: 388.947 Executing VM operation: ParallelGCFailedAllocation
Event: 390.349 Executing VM operation: ParallelGCFailedAllocation done
Event: 390.349 Executing VM operation: ParallelGCFailedAllocation
Event: 391.796 Executing VM operation: ParallelGCFailedAllocation done
Event: 391.798 Executing VM operation: ParallelGCFailedAllocation
Event: 393.354 Executing VM operation: ParallelGCFailedAllocation done
Event: 393.354 Executing VM operation: ParallelGCFailedAllocation
Event: 394.864 Executing VM operation: ParallelGCFailedAllocation done
Event: 394.864 Executing VM operation: ParallelGCFailedAllocation
Event: 396.112 Executing VM operation: ParallelGCFailedAllocation done
Event: 396.112 Executing VM operation: ParallelGCFailedAllocation
Event: 398.447 Executing VM operation: ParallelGCFailedAllocation done

Events (20 events):
Event: 97.956 loading class java/util/stream/ReferencePipeline$4 done
Event: 97.985 loading class java/util/stream/Nodes$IntFixedNodeBuilder
Event: 97.985 loading class java/util/stream/Node$Builder$OfInt
Event: 97.985 loading class java/util/stream/Node$Builder$OfInt done
Event: 97.985 loading class java/util/stream/Nodes$IntArrayNode
Event: 97.985 loading class java/util/stream/Nodes$IntArrayNode done
Event: 97.986 loading class java/util/stream/Nodes$IntFixedNodeBuilder done
Event: 97.986 loading class java/util/stream/ReferencePipeline$4$1
Event: 97.986 loading class java/util/stream/ReferencePipeline$4$1 done
Event: 98.762 Thread 0x00007fca4010eb80 Thread exited: 0x00007fca4010eb80
Event: 99.173 Thread 0x00007fca4010afc0 Thread exited: 0x00007fca4010afc0
Event: 99.873 Thread 0x00007fca40122510 Thread added: 0x00007fca40122510
Event: 99.873 Protecting memory [0x00007fca5c700000,0x00007fca5c704000] with protection modes 0
Event: 165.996 Thread 0x00007fca1c001130 Thread exited: 0x00007fca1c001130
Event: 165.996 Thread 0x00007fca1c0da840 Thread exited: 0x00007fca1c0da840
Event: 165.997 Thread 0x00007fca380074f0 Thread exited: 0x00007fca380074f0
Event: 167.462 Thread 0x00007fca1c0f0d30 Thread exited: 0x00007fca1c0f0d30
Event: 168.680 Thread 0x00007fca380010d0 Thread exited: 0x00007fca380010d0
Event: 301.352 Thread 0x00007fca401142b0 Thread added: 0x00007fca401142b0
Event: 301.352 Protecting memory [0x00007fca5d500000,0x00007fca5d504000] with protection modes 0


Dynamic libraries:
e0000000-f5580000 rw-p 00000000 00:00 0 
f5580000-f6c80000 rw-p 00000000 00:00 0 
f6c80000-100000000 ---p 00000000 00:00 0 
800000000-800449000 rw-p 00001000 00:1d6e 4611686019135357769            /nix/store/gpxl5qgg8kicmcvivwmybwjlpf7wh20l-graalvm17-ce-22.3.0/lib/server/classes.jsa
800449000-800bc8000 r--p 0044a000 00:1d6e 4611686019135357769            /nix/store/gpxl5qgg8kicmcvivwmybwjlpf7wh20l-graalvm17-ce-22.3.0/lib/server/classes.jsa
800bc8000-800c00000 ---p 00000000 00:00 0 
800c00000-800c20000 rw-p 00000000 00:00 0 
800c20000-800c40000 rw-p 00000000 00:00 0 
800c40000-800cc0000 rw-p 00000000 00:00 0 
800cc0000-800d00000 rw-p 00000000 00:00 0 
800d00000-800dc0000 rw-p 00000000 00:00 0 
800dc0000-800e00000 rw-p 00000000 00:00 0 
800e00000-800f40000 rw-p 00000000 00:00 0 
800f40000-800fc0000 rw-p 00000000 00:00 0 
800fc0000-800ff0000 rw-p 00000000 00:00 0 
800ff0000-801000000 ---p 00000000 00:00 0 
801000000-801280000 rw-p 00000000 00:00 0 
801280000-840c00000 ---p 00000000 00:00 0 
55af1df55000-55af1df56000 r-xp 00000000 00:1d6e 4611686019099417844      /nix/store/gpxl5qgg8kicmcvivwmybwjlpf7wh20l-graalvm17-ce-22.3.0/bin/.java-wrapped
55af1df57000-55af1df58000 r--p 00001000 00:1d6e 4611686019099417844      /nix/store/gpxl5qgg8kicmcvivwmybwjlpf7wh20l-graalvm17-ce-22.3.0/bin/.java-wrapped
55af1df58000-55af1df59000 rw-p 00002000 00:1d6e 4611686019099417844      /nix/store/gpxl5qgg8kicmcvivwmybwjlpf7wh20l-graalvm17-ce-22.3.0/bin/.java-wrapped
55af1df59000-55af1df5a000 rw-p 00004000 00:1d6e 4611686019099417844      /nix/store/gpxl5qgg8kicmcvivwmybwjlpf7wh20l-graalvm17-ce-22.3.0/bin/.java-wrapped
55af1df5a000-55af1df5b000 rw-p 00005000 00:1d6e 4611686019099417844      /nix/store/gpxl5qgg8kicmcvivwmybwjlpf7wh20l-graalvm17-ce-22.3.0/bin/.java-wrapped
55af1ed34000-55af1ed7c000 rw-p 00000000 00:00 0                          [heap]
7fc9c4000000-7fc9c4021000 rw-p 00000000 00:00 0 
7fc9c4021000-7fc9c8000000 ---p 00000000 00:00 0 
7fc9c8c00000-7fc9c8c90000 rw-p 00000000 00:00 0 
7fc9c8c90000-7fc9c9400000 ---p 00000000 00:00 0 
7fc9cae00000-7fc9caf00000 ---p 00000000 00:00 0 
7fc9caf00000-7fc9cb4af000 r--p 01122000 00:1d6e 4611686019135190040      /nix/store/gpxl5qgg8kicmcvivwmybwjlpf7wh20l-graalvm17-ce-22.3.0/lib/libjvmcicompiler.so
7fc9cb4af000-7fc9cb600000 r--p 00000000 00:00 0 
7fc9cb600000-7fc9cb63d000 rw-p 00000000 00:00 0 
7fc9cb63d000-7fc9cbb5d000 rw-p 0185f000 00:1d6e 4611686019135190040      /nix/store/gpxl5qgg8kicmcvivwmybwjlpf7wh20l-graalvm17-ce-22.3.0/lib/libjvmcicompiler.so
7fc9cbb5d000-7fc9cbf44000 r--p 01d7f000 00:1d6e 4611686019135190040      /nix/store/gpxl5qgg8kicmcvivwmybwjlpf7wh20l-graalvm17-ce-22.3.0/lib/libjvmcicompiler.so
7fc9cc000000-7fc9cc025000 rw-p 00000000 00:00 0 
7fc9cc025000-7fc9d0000000 ---p 00000000 00:00 0 
7fc9d0000000-7fc9d0021000 rw-p 00000000 00:00 0 
7fc9d0021000-7fc9d4000000 ---p 00000000 00:00 0 
7fc9d4000000-7fc9d4021000 rw-p 00000000 00:00 0 
7fc9d4021000-7fc9d8000000 ---p 00000000 00:00 0 
7fc9d8000000-7fc9d8060000 rw-p 00000000 00:00 0 
7fc9d8060000-7fc9dc000000 ---p 00000000 00:00 0 
7fc9dc000000-7fc9dc03a000 rw-p 00000000 00:00 0 
7fc9dc03a000-7fc9e0000000 ---p 00000000 00:00 0 
7fc9e0000000-7fc9e0081000 rw-p 00000000 00:00 0 
7fc9e0081000-7fc9e4000000 ---p 00000000 00:00 0 
7fc9e4000000-7fc9e4078000 rw-p 00000000 00:00 0 
7fc9e4078000-7fc9e8000000 ---p 00000000 00:00 0 
7fc9e8000000-7fc9e80b7000 rw-p 00000000 00:00 0 
7fc9e80b7000-7fc9ec000000 ---p 00000000 00:00 0 
7fc9ec000000-7fc9ec021000 rw-p 00000000 00:00 0 
7fc9ec021000-7fc9f0000000 ---p 00000000 00:00 0 
7fc9f0000000-7fc9f0021000 rw-p 00000000 00:00 0 
7fc9f0021000-7fc9f4000000 ---p 00000000 00:00 0 
7fc9f4000000-7fc9f4021000 rw-p 00000000 00:00 0 
7fc9f4021000-7fc9f8000000 ---p 00000000 00:00 0 
7fc9f8000000-7fc9f8021000 rw-p 00000000 00:00 0 
7fc9f8021000-7fc9fc000000 ---p 00000000 00:00 0 
7fc9fc000000-7fc9fc021000 rw-p 00000000 00:00 0 
7fc9fc021000-7fca00000000 ---p 00000000 00:00 0 
7fca00000000-7fca00021000 rw-p 00000000 00:00 0 
7fca00021000-7fca04000000 ---p 00000000 00:00 0 
7fca04000000-7fca04021000 rw-p 00000000 00:00 0 
7fca04021000-7fca08000000 ---p 00000000 00:00 0 
7fca08800000-7fca09000000 rw-p 00000000 00:00 0 
7fca09c00000-7fca0a300000 rw-p 00000000 00:00 0 
7fca0a300000-7fca0a370000 rw-p 00000000 00:00 0 
7fca0a370000-7fca0a400000 ---p 00000000 00:00 0 
7fca0a4b3000-7fca14000000 r--s 00000000 00:1d6e 4611686019135192581      /nix/store/gpxl5qgg8kicmcvivwmybwjlpf7wh20l-graalvm17-ce-22.3.0/lib/modules
7fca14000000-7fca144c5000 rw-p 00000000 00:00 0 
7fca144c5000-7fca18000000 ---p 00000000 00:00 0 
7fca18000000-7fca18157000 rw-p 00000000 00:00 0 
7fca18157000-7fca1c000000 ---p 00000000 00:00 0 
7fca1c000000-7fca1c120000 rw-p 00000000 00:00 0 
7fca1c120000-7fca20000000 ---p 00000000 00:00 0 
7fca20000000-7fca20032000 rw-p 00000000 00:00 0 
7fca20032000-7fca24000000 ---p 00000000 00:00 0 
7fca24000000-7fca24021000 rw-p 00000000 00:00 0 
7fca24021000-7fca28000000 ---p 00000000 00:00 0 
7fca28000000-7fca28021000 rw-p 00000000 00:00 0 
7fca28021000-7fca2c000000 ---p 00000000 00:00 0 
7fca2c000000-7fca2c049000 rw-p 00000000 00:00 0 
7fca2c049000-7fca30000000 ---p 00000000 00:00 0 
7fca30000000-7fca30083000 rw-p 00000000 00:00 0 
7fca30083000-7fca34000000 ---p 00000000 00:00 0 
7fca34000000-7fca34021000 rw-p 00000000 00:00 0 
7fca34021000-7fca38000000 ---p 00000000 00:00 0 
7fca38000000-7fca3831d000 rw-p 00000000 00:00 0 
7fca3831d000-7fca3c000000 ---p 00000000 00:00 0 
7fca3c000000-7fca3c021000 rw-p 00000000 00:00 0 
7fca3c021000-7fca40000000 ---p 00000000 00:00 0 
7fca40000000-7fca4018a000 rw-p 00000000 00:00 0 
7fca4018a000-7fca44000000 ---p 00000000 00:00 0 
7fca44000000-7fca448ba000 rw-p 00000000 00:00 0 
7fca448ba000-7fca48000000 ---p 00000000 00:00 0 
7fca48000000-7fca48026000 rw-p 00000000 00:00 0 
7fca48026000-7fca4c000000 ---p 00000000 00:00 0 
7fca4c000000-7fca4c021000 rw-p 00000000 00:00 0 
7fca4c021000-7fca50000000 ---p 00000000 00:00 0 
7fca50000000-7fca50021000 rw-p 00000000 00:00 0 
7fca50021000-7fca54000000 ---p 00000000 00:00 0 
7fca54000000-7fca54037000 rw-p 00000000 00:00 0 
7fca54037000-7fca58000000 ---p 00000000 00:00 0 
7fca58000000-7fca58400000 rw-p 00000000 00:00 0 
7fca58400000-7fca58500000 rw-p 00000000 00:00 0 
7fca58500000-7fca58600000 rw-p 00000000 00:00 0 
7fca58600000-7fca58800000 rw-p 00000000 00:00 0 
7fca58800000-7fca58900000 rw-p 00000000 00:00 0 
7fca58900000-7fca58980000 rw-p 00000000 00:00 0 
7fca58980000-7fca58b00000 rw-p 00000000 00:00 0 
7fca58b00000-7fca58d00000 rw-p 00000000 00:00 0 
7fca58d00000-7fca58e00000 rw-p 00000000 00:00 0 
7fca58e00000-7fca59000000 rw-p 00000000 00:00 0 
7fca59700000-7fca59704000 ---p 00000000 00:00 0 
7fca59704000-7fca59800000 rw-p 00000000 00:00 0 
7fca59800000-7fca59900000 rw-p 00000000 00:00 0 
7fca59900000-7fca59a00000 rw-p 00000000 00:00 0 
7fca59a00000-7fca59fc0000 rw-p 00000000 00:00 0 
7fca59fc0000-7fca5a000000 rw-p 00000000 00:00 0 
7fca5a000000-7fca5a100000 rw-p 00000000 00:00 0 
7fca5a100000-7fca5a200000 rw-p 00000000 00:00 0 
7fca5a200000-7fca5a500000 rw-p 00000000 00:00 0 
7fca5a500000-7fca5a600000 rw-p 00000000 00:00 0 
7fca5a600000-7fca5a800000 rw-p 00000000 00:00 0 
7fca5a800000-7fca5a810000 r-xp 00000000 00:1d6b 358                      /home/runner/.cache/jdt-language-server/config/org.eclipse.equinox.launcher/org.eclipse.equinox.launcher.gtk.linux.x86_64_1.2.400.v20211117-0650/eclipse_11600.so
7fca5a810000-7fca5aa0f000 ---p 00010000 00:1d6b 358                      /home/runner/.cache/jdt-language-server/config/org.eclipse.equinox.launcher/org.eclipse.equinox.launcher.gtk.linux.x86_64_1.2.400.v20211117-0650/eclipse_11600.so
7fca5aa0f000-7fca5aa10000 r--p 0000f000 00:1d6b 358                      /home/runner/.cache/jdt-language-server/config/org.eclipse.equinox.launcher/org.eclipse.equinox.launcher.gtk.linux.x86_64_1.2.400.v20211117-0650/eclipse_11600.so
7fca5aa10000-7fca5aa11000 rw-p 00010000 00:1d6b 358                      /home/runner/.cache/jdt-language-server/config/org.eclipse.equinox.launcher/org.eclipse.equinox.launcher.gtk.linux.x86_64_1.2.400.v20211117-0650/eclipse_11600.so
7fca5ab00000-7fca5ab04000 ---p 00000000 00:00 0 
7fca5ab04000-7fca5ac00000 rw-p 00000000 00:00 0 
7fca5ad00000-7fca5ad04000 ---p 00000000 00:00 0 
7fca5ad04000-7fca5ae00000 rw-p 00000000 00:00 0 
7fca5af00000-7fca5af04000 ---p 00000000 00:00 0 
7fca5af04000-7fca5b000000 rw-p 00000000 00:00 0 
7fca5b100000-7fca5b104000 ---p 00000000 00:00 0 
7fca5b104000-7fca5b200000 rw-p 00000000 00:00 0 
7fca5b300000-7fca5b304000 ---p 00000000 00:00 0 
7fca5b304000-7fca5b400000 rw-p 00000000 00:00 0 
7fca5b500000-7fca5b504000 ---p 00000000 00:00 0 
7fca5b504000-7fca5b600000 rw-p 00000000 00:00 0 
7fca5b700000-7fca5b704000 ---p 00000000 00:00 0 
7fca5b704000-7fca5b800000 rw-p 00000000 00:00 0 
7fca5b900000-7fca5b904000 ---p 00000000 00:00 0 
7fca5b904000-7fca5ba00000 rw-p 00000000 00:00 0 
7fca5bb00000-7fca5bb04000 ---p 00000000 00:00 0 
7fca5bb04000-7fca5bc00000 rw-p 00000000 00:00 0 
7fca5bd00000-7fca5bd04000 ---p 00000000 00:00 0 
7fca5bd04000-7fca5be00000 rw-p 00000000 00:00 0 
7fca5bf00000-7fca5bf04000 ---p 00000000 00:00 0 
7fca5bf04000-7fca5c000000 rw-p 00000000 00:00 0 
7fca5c100000-7fca5c104000 ---p 00000000 00:00 0 
7fca5c104000-7fca5c200000 rw-p 00000000 00:00 0 
7fca5c300000-7fca5c304000 ---p 00000000 00:00 0 
7fca5c304000-7fca5c400000 rw-p 00000000 00:00 0 
7fca5c500000-7fca5c504000 ---p 00000000 00:00 0 
7fca5c504000-7fca5c600000 rw-p 00000000 00:00 0 
7fca5c700000-7fca5c704000 ---p 00000000 00:00 0 
7fca5c704000-7fca5c800000 rw-p 00000000 00:00 0 
7fca5ca00000-7fca5ca04000 ---p 00000000 00:00 0 
7fca5ca04000-7fca5cb00000 rw-p 00000000 00:00 0 
7fca5cb00000-7fca5cb04000 ---p 00000000 00:00 0 
7fca5cb04000-7fca5cc00000 rw-p 00000000 00:00 0 
7fca5cc00000-7fca5cc04000 ---p 00000000 00:00 0 
7fca5cc04000-7fca5cd00000 rw-p 00000000 00:00 0 
7fca5cd00000-7fca5cd04000 ---p 00000000 00:00 0 
7fca5cd04000-7fca5ce00000 rw-p 00000000 00:00 0 
7fca5ce00000-7fca5ce04000 ---p 00000000 00:00 0 
7fca5ce04000-7fca5cf00000 rw-p 00000000 00:00 0 
7fca5cf00000-7fca5cf04000 ---p 00000000 00:00 0 
7fca5cf04000-7fca5d000000 rw-p 00000000 00:00 0 
7fca5d100000-7fca5d104000 ---p 00000000 00:00 0 
7fca5d104000-7fca5d200000 rw-p 00000000 00:00 0 
7fca5d300000-7fca5d304000 ---p 00000000 00:00 0 
7fca5d304000-7fca5d400000 rw-p 00000000 00:00 0 
7fca5d400000-7fca5d404000 ---p 00000000 00:00 0 
7fca5d404000-7fca5d500000 rw-p 00000000 00:00 0 
7fca5d500000-7fca5d504000 ---p 00000000 00:00 0 
7fca5d504000-7fca5d600000 rw-p 00000000 00:00 0 
7fca5d700000-7fca5d704000 ---p 00000000 00:00 0 
7fca5d704000-7fca5d800000 rw-p 00000000 00:00 0 
7fca5d800000-7fca5d804000 ---p 00000000 00:00 0 
7fca5d804000-7fca5d900000 rw-p 00000000 00:00 0 
7fca5d900000-7fca5d904000 ---p 00000000 00:00 0 
7fca5d904000-7fca5da00000 rw-p 00000000 00:00 0 
7fca5db00000-7fca5db04000 ---p 00000000 00:00 0 
7fca5db04000-7fca5dc00000 rw-p 00000000 00:00 0 
7fca5dc00000-7fca5fd6a000 r-xp 00000000 00:1d6e 4611686019135190040      /nix/store/gpxl5qgg8kicmcvivwmybwjlpf7wh20l-graalvm17-ce-22.3.0/lib/libjvmcicompiler.so
7fca5fd6a000-7fca5ff69000 ---p 0216a000 00:1d6e 4611686019135190040      /nix/store/gpxl5qgg8kicmcvivwmybwjlpf7wh20l-graalvm17-ce-22.3.0/lib/libjvmcicompiler.so
7fca5ff69000-7fca5ff6a000 r--p 02169000 00:1d6e 4611686019135190040      /nix/store/gpxl5qgg8kicmcvivwmybwjlpf7wh20l-graalvm17-ce-22.3.0/lib/libjvmcicompiler.so
7fca5ff6a000-7fca5ff6c000 rw-p 0216a000 00:1d6e 4611686019135190040      /nix/store/gpxl5qgg8kicmcvivwmybwjlpf7wh20l-graalvm17-ce-22.3.0/lib/libjvmcicompiler.so
7fca5ff6c000-7fca5ff6d000 rw-p 00000000 00:00 0 
7fca5ff6d000-7fca5ff72000 rw-p 023c3000 00:1d6e 4611686019135190040      /nix/store/gpxl5qgg8kicmcvivwmybwjlpf7wh20l-graalvm17-ce-22.3.0/lib/libjvmcicompiler.so
7fca60000000-7fca60021000 rw-p 00000000 00:00 0 
7fca60021000-7fca64000000 ---p 00000000 00:00 0 
7fca64000000-7fca64021000 rw-p 00000000 00:00 0 
7fca64021000-7fca68000000 ---p 00000000 00:00 0 
7fca68000000-7fca68021000 rw-p 00000000 00:00 0 
7fca68021000-7fca6c000000 ---p 00000000 00:00 0 
7fca6c000000-7fca6c021000 rw-p 00000000 00:00 0 
7fca6c021000-7fca70000000 ---p 00000000 00:00 0 
7fca70000000-7fca700e1000 rw-p 00000000 00:00 0 
7fca700e1000-7fca74000000 ---p 00000000 00:00 0 
7fca74000000-7fca74bdd000 rw-p 00000000 00:00 0 
7fca74bdd000-7fca78000000 ---p 00000000 00:00 0 
7fca78000000-7fca78021000 rw-p 00000000 00:00 0 
7fca78021000-7fca7c000000 ---p 00000000 00:00 0 
7fca7c000000-7fca7c021000 rw-p 00000000 00:00 0 
7fca7c021000-7fca80000000 ---p 00000000 00:00 0 
7fca80000000-7fca80021000 rw-p 00000000 00:00 0 
7fca80021000-7fca84000000 ---p 00000000 00:00 0 
7fca84000000-7fca84021000 rw-p 00000000 00:00 0 
7fca84021000-7fca88000000 ---p 00000000 00:00 0 
7fca88000000-7fca88021000 rw-p 00000000 00:00 0 
7fca88021000-7fca8c000000 ---p 00000000 00:00 0 
7fca8c000000-7fca8c021000 rw-p 00000000 00:00 0 
7fca8c021000-7fca90000000 ---p 00000000 00:00 0 
7fca90000000-7fca90114000 rw-p 00000000 00:00 0 
7fca90114000-7fca94004000 ---p 00000000 00:00 0 
7fca94004000-7fca94100000 rw-p 00000000 00:00 0 
7fca94200000-7fca94204000 ---p 00000000 00:00 0 
7fca94204000-7fca94300000 rw-p 00000000 00:00 0 
7fca94400000-7fca94404000 ---p 00000000 00:00 0 
7fca94404000-7fca94500000 rw-p 00000000 00:00 0 
7fca94500000-7fca94504000 ---p 00000000 00:00 0 
7fca94504000-7fca94600000 rw-p 00000000 00:00 0 
7fca94600000-7fca94604000 ---p 00000000 00:00 0 
7fca94604000-7fca94700000 rw-p 00000000 00:00 0 
7fca94700000-7fca94704000 ---p 00000000 00:00 0 
7fca94704000-7fca94800000 rw-p 00000000 00:00 0 
7fca94800000-7fca94804000 ---p 00000000 00:00 0 
7fca94804000-7fca94900000 rw-p 00000000 00:00 0 
7fca94a00000-7fca94a04000 ---p 00000000 00:00 0 
7fca94a04000-7fca94b00000 rw-p 00000000 00:00 0 
7fca94c00000-7fca94c04000 ---p 00000000 00:00 0 
7fca94c04000-7fca94d00000 rw-p 00000000 00:00 0 
7fca94d00000-7fca94d04000 ---p 00000000 00:00 0 
7fca94d04000-7fca94e00000 rw-p 00000000 00:00 0 
7fca94e00000-7fca94e04000 ---p 00000000 00:00 0 
7fca94e04000-7fca94f00000 rw-p 00000000 00:00 0 
7fca95000000-7fca95004000 ---p 00000000 00:00 0 
7fca95004000-7fca95100000 rw-p 00000000 00:00 0 
7fca95d68000-7fca96200000 rw-p 00000000 00:00 0 
7fca962fe000-7fca962ff000 ---p 00000000 00:00 0 
7fca962ff000-7fca96400000 rw-p 00000000 00:00 0 
7fca96400000-7fca96404000 ---p 00000000 00:00 0 
7fca96404000-7fca96500000 rw-p 00000000 00:00 0 
7fca96500000-7fca96504000 ---p 00000000 00:00 0 
7fca96504000-7fca96600000 rw-p 00000000 00:00 0 
7fca96600000-7fca96604000 ---p 00000000 00:00 0 
7fca96604000-7fca96700000 rw-p 00000000 00:00 0 
7fca96700000-7fca96704000 ---p 00000000 00:00 0 
7fca96704000-7fca96900000 rw-p 00000000 00:00 0 
7fca96900000-7fca96904000 ---p 00000000 00:00 0 
7fca96904000-7fca96b00000 rw-p 00000000 00:00 0 
7fca96b00000-7fca96b04000 ---p 00000000 00:00 0 
7fca96b04000-7fca97000000 rw-p 00000000 00:00 0 
7fca97000000-7fca97300000 rw-p 00000000 00:00 0 
7fca97300000-7fca97400000 rw-p 00000000 00:00 0 
7fca974b3000-7fca97723000 rwxp 00000000 00:00 0 
7fca97723000-7fca97a42000 ---p 00000000 00:00 0 
7fca97a42000-7fca98c32000 rwxp 00000000 00:00 0 
7fca98c32000-7fca9ef7a000 ---p 00000000 00:00 0 
7fca9ef7a000-7fca9f29a000 rwxp 00000000 00:00 0 
7fca9f29a000-7fcaa64b3000 ---p 00000000 00:00 0 
7fcaa64b3000-7fcab0000000 r--s 00000000 00:1d6e 4611686019135192581      /nix/store/gpxl5qgg8kicmcvivwmybwjlpf7wh20l-graalvm17-ce-22.3.0/lib/modules
7fcab0000000-7fcab0602000 rw-p 00000000 00:00 0 
7fcab0602000-7fcab4000000 ---p 00000000 00:00 0 
7fcab400e000-7fcab4010000 r-xp 00000000 00:1d6e 4611686019135190017      /nix/store/gpxl5qgg8kicmcvivwmybwjlpf7wh20l-graalvm17-ce-22.3.0/lib/libextnet.so
7fcab4010000-7fcab4011000 r--p 00001000 00:1d6e 4611686019135190017      /nix/store/gpxl5qgg8kicmcvivwmybwjlpf7wh20l-graalvm17-ce-22.3.0/lib/libextnet.so
7fcab4011000-7fcab4012000 rw-p 00002000 00:1d6e 4611686019135190017      /nix/store/gpxl5qgg8kicmcvivwmybwjlpf7wh20l-graalvm17-ce-22.3.0/lib/libextnet.so
7fcab4012000-7fcab4013000 rw-p 00004000 00:1d6e 4611686019135190017      /nix/store/gpxl5qgg8kicmcvivwmybwjlpf7wh20l-graalvm17-ce-22.3.0/lib/libextnet.so
7fcab4013000-7fcab4017000 ---p 00000000 00:00 0 
7fcab4017000-7fcab4035000 rw-p 00000000 00:00 0 
7fcab4035000-7fcab403c000 r-xp 00000000 00:1d6e 4611686019135192580      /nix/store/gpxl5qgg8kicmcvivwmybwjlpf7wh20l-graalvm17-ce-22.3.0/lib/libzip.so
7fcab403c000-7fcab403d000 ---p 00007000 00:1d6e 4611686019135192580      /nix/store/gpxl5qgg8kicmcvivwmybwjlpf7wh20l-graalvm17-ce-22.3.0/lib/libzip.so
7fcab403d000-7fcab403e000 r--p 00007000 00:1d6e 4611686019135192580      /nix/store/gpxl5qgg8kicmcvivwmybwjlpf7wh20l-graalvm17-ce-22.3.0/lib/libzip.so
7fcab403e000-7fcab403f000 rw-p 00008000 00:1d6e 4611686019135192580      /nix/store/gpxl5qgg8kicmcvivwmybwjlpf7wh20l-graalvm17-ce-22.3.0/lib/libzip.so
7fcab403f000-7fcab4041000 rw-p 0000b000 00:1d6e 4611686019135192580      /nix/store/gpxl5qgg8kicmcvivwmybwjlpf7wh20l-graalvm17-ce-22.3.0/lib/libzip.so
7fcab4041000-7fcab4056000 r-xp 00000000 00:1d6e 4611686019135192570      /nix/store/gpxl5qgg8kicmcvivwmybwjlpf7wh20l-graalvm17-ce-22.3.0/lib/libnet.so
7fcab4056000-7fcab4057000 ---p 00015000 00:1d6e 4611686019135192570      /nix/store/gpxl5qgg8kicmcvivwmybwjlpf7wh20l-graalvm17-ce-22.3.0/lib/libnet.so
7fcab4057000-7fcab4058000 r--p 00015000 00:1d6e 4611686019135192570      /nix/store/gpxl5qgg8kicmcvivwmybwjlpf7wh20l-graalvm17-ce-22.3.0/lib/libnet.so
7fcab4058000-7fcab4059000 rw-p 00016000 00:1d6e 4611686019135192570      /nix/store/gpxl5qgg8kicmcvivwmybwjlpf7wh20l-graalvm17-ce-22.3.0/lib/libnet.so
7fcab4059000-7fcab405c000 rw-p 0001b000 00:1d6e 4611686019135192570      /nix/store/gpxl5qgg8kicmcvivwmybwjlpf7wh20l-graalvm17-ce-22.3.0/lib/libnet.so
7fcab405c000-7fcab406f000 r-xp 00000000 00:1d6e 4611686019135192571      /nix/store/gpxl5qgg8kicmcvivwmybwjlpf7wh20l-graalvm17-ce-22.3.0/lib/libnio.so
7fcab406f000-7fcab4070000 r--p 00012000 00:1d6e 4611686019135192571      /nix/store/gpxl5qgg8kicmcvivwmybwjlpf7wh20l-graalvm17-ce-22.3.0/lib/libnio.so
7fcab4070000-7fcab4071000 rw-p 00013000 00:1d6e 4611686019135192571      /nix/store/gpxl5qgg8kicmcvivwmybwjlpf7wh20l-graalvm17-ce-22.3.0/lib/libnio.so
7fcab4071000-7fcab4076000 rw-p 00019000 00:1d6e 4611686019135192571      /nix/store/gpxl5qgg8kicmcvivwmybwjlpf7wh20l-graalvm17-ce-22.3.0/lib/libnio.so
7fcab4076000-7fcab407a000 ---p 00000000 00:00 0 
7fcab407a000-7fcab4176000 rw-p 00000000 00:00 0 
7fcab4176000-7fcab417a000 ---p 00000000 00:00 0 
7fcab417a000-7fcab4276000 rw-p 00000000 00:00 0 
7fcab4276000-7fcab455c000 r--p 00000000 00:18d0 28444448                 /usr/lib/locale/locale-archive
7fcab455c000-7fcab4560000 ---p 00000000 00:00 0 
7fcab4560000-7fcab465c000 rw-p 00000000 00:00 0 
7fcab465c000-7fcab4660000 ---p 00000000 00:00 0 
7fcab4660000-7fcab475c000 rw-p 00000000 00:00 0 
7fcab475c000-7fcab475d000 ---p 00000000 00:00 0 
7fcab475d000-7fcab485e000 rw-p 00000000 00:00 0 
7fcab485e000-7fcab492c000 r-xp 00000000 00:1d6e 4611686019135190036      /nix/store/gpxl5qgg8kicmcvivwmybwjlpf7wh20l-graalvm17-ce-22.3.0/lib/libjsvml.so
7fcab492c000-7fcab492d000 r--p 000cd000 00:1d6e 4611686019135190036      /nix/store/gpxl5qgg8kicmcvivwmybwjlpf7wh20l-graalvm17-ce-22.3.0/lib/libjsvml.so
7fcab492d000-7fcab492e000 rw-p 000ce000 00:1d6e 4611686019135190036      /nix/store/gpxl5qgg8kicmcvivwmybwjlpf7wh20l-graalvm17-ce-22.3.0/lib/libjsvml.so
7fcab492e000-7fcab6206000 rw-p 00000000 00:00 0 
7fcab6206000-7fcab6207000 ---p 00000000 00:00 0 
7fcab6207000-7fcab63b2000 rw-p 00000000 00:00 0 
7fcab63b2000-7fcab63bf000 rw-p 00000000 00:00 0 
7fcab63bf000-7fcab6408000 ---p 00000000 00:00 0 
7fcab6408000-7fcab6410000 rw-p 00000000 00:00 0 
7fcab6410000-7fcab64f4000 ---p 00000000 00:00 0 
7fcab64f4000-7fcab6518000 rw-p 00000000 00:00 0 
7fcab6518000-7fcab65df000 ---p 00000000 00:00 0 
7fcab65df000-7fcab65e4000 rw-p 00000000 00:00 0 
7fcab65e4000-7fcab65eb000 ---p 00000000 00:00 0 
7fcab65eb000-7fcab660f000 r-xp 00000000 00:1d6e 4611686019135190028      /nix/store/gpxl5qgg8kicmcvivwmybwjlpf7wh20l-graalvm17-ce-22.3.0/lib/libjava.so
7fcab660f000-7fcab6610000 ---p 00024000 00:1d6e 4611686019135190028      /nix/store/gpxl5qgg8kicmcvivwmybwjlpf7wh20l-graalvm17-ce-22.3.0/lib/libjava.so
7fcab6610000-7fcab6611000 r--p 00024000 00:1d6e 4611686019135190028      /nix/store/gpxl5qgg8kicmcvivwmybwjlpf7wh20l-graalvm17-ce-22.3.0/lib/libjava.so
7fcab6611000-7fcab6612000 rw-p 00025000 00:1d6e 4611686019135190028      /nix/store/gpxl5qgg8kicmcvivwmybwjlpf7wh20l-graalvm17-ce-22.3.0/lib/libjava.so
7fcab6612000-7fcab6613000 rw-p 00000000 00:00 0 
7fcab6613000-7fcab661a000 rw-p 0002f000 00:1d6e 4611686019135190028      /nix/store/gpxl5qgg8kicmcvivwmybwjlpf7wh20l-graalvm17-ce-22.3.0/lib/libjava.so
7fcab661a000-7fcab6622000 rw-s 00000000 00:3a7 355                       /tmp/hsperfdata_runner/25
7fcab6622000-7fcab6623000 ---p 00000000 00:00 0 
7fcab6623000-7fcab6624000 r--p 00000000 00:00 0 
7fcab6624000-7fcab6625000 rwxp 00000000 00:00 0 
7fcab6625000-7fcab6640000 r-xp 00000000 00:1d6e 4611686019135190032      /nix/store/gpxl5qgg8kicmcvivwmybwjlpf7wh20l-graalvm17-ce-22.3.0/lib/libjimage.so
7fcab6640000-7fcab6641000 ---p 0001b000 00:1d6e 4611686019135190032      /nix/store/gpxl5qgg8kicmcvivwmybwjlpf7wh20l-graalvm17-ce-22.3.0/lib/libjimage.so
7fcab6641000-7fcab6643000 r--p 0001b000 00:1d6e 4611686019135190032      /nix/store/gpxl5qgg8kicmcvivwmybwjlpf7wh20l-graalvm17-ce-22.3.0/lib/libjimage.so
7fcab6643000-7fcab6644000 rw-p 0001d000 00:1d6e 4611686019135190032      /nix/store/gpxl5qgg8kicmcvivwmybwjlpf7wh20l-graalvm17-ce-22.3.0/lib/libjimage.so
7fcab6644000-7fcab6645000 rw-p 00024000 00:1d6e 4611686019135190032      /nix/store/gpxl5qgg8kicmcvivwmybwjlpf7wh20l-graalvm17-ce-22.3.0/lib/libjimage.so
7fcab6645000-7fcab6649000 ---p 00000000 00:00 0 
7fcab6649000-7fcab6745000 rw-p 00000000 00:00 0 
7fcab6745000-7fcab6753000 r--p 00000000 00:1d6e 4611686019027979927      /nix/store/4nlgxhb09sdr51nc9hdm8az5b08vzkgx-glibc-2.35-163/lib/libm.so.6
7fcab6753000-7fcab67c6000 r-xp 0000e000 00:1d6e 4611686019027979927      /nix/store/4nlgxhb09sdr51nc9hdm8az5b08vzkgx-glibc-2.35-163/lib/libm.so.6
7fcab67c6000-7fcab6823000 r--p 00081000 00:1d6e 4611686019027979927      /nix/store/4nlgxhb09sdr51nc9hdm8az5b08vzkgx-glibc-2.35-163/lib/libm.so.6
7fcab6823000-7fcab6824000 r--p 000dd000 00:1d6e 4611686019027979927      /nix/store/4nlgxhb09sdr51nc9hdm8az5b08vzkgx-glibc-2.35-163/lib/libm.so.6
7fcab6824000-7fcab6825000 rw-p 000de000 00:1d6e 4611686019027979927      /nix/store/4nlgxhb09sdr51nc9hdm8az5b08vzkgx-glibc-2.35-163/lib/libm.so.6
7fcab6825000-7fcab6826000 r--p 00000000 00:1d6e 4611686019027979946      /nix/store/4nlgxhb09sdr51nc9hdm8az5b08vzkgx-glibc-2.35-163/lib/librt.so.1
7fcab6826000-7fcab6827000 r-xp 00001000 00:1d6e 4611686019027979946      /nix/store/4nlgxhb09sdr51nc9hdm8az5b08vzkgx-glibc-2.35-163/lib/librt.so.1
7fcab6827000-7fcab6828000 r--p 00002000 00:1d6e 4611686019027979946      /nix/store/4nlgxhb09sdr51nc9hdm8az5b08vzkgx-glibc-2.35-163/lib/librt.so.1
7fcab6828000-7fcab6829000 r--p 00002000 00:1d6e 4611686019027979946      /nix/store/4nlgxhb09sdr51nc9hdm8az5b08vzkgx-glibc-2.35-163/lib/librt.so.1
7fcab6829000-7fcab682a000 rw-p 00003000 00:1d6e 4611686019027979946      /nix/store/4nlgxhb09sdr51nc9hdm8az5b08vzkgx-glibc-2.35-163/lib/librt.so.1
7fcab682a000-7fcab793d000 r-xp 00000000 00:1d6e 4611686019135360866      /nix/store/gpxl5qgg8kicmcvivwmybwjlpf7wh20l-graalvm17-ce-22.3.0/lib/server/libjvm.so
7fcab793d000-7fcab793e000 ---p 01113000 00:1d6e 4611686019135360866      /nix/store/gpxl5qgg8kicmcvivwmybwjlpf7wh20l-graalvm17-ce-22.3.0/lib/server/libjvm.so
7fcab793e000-7fcab79f3000 r--p 01113000 00:1d6e 4611686019135360866      /nix/store/gpxl5qgg8kicmcvivwmybwjlpf7wh20l-graalvm17-ce-22.3.0/lib/server/libjvm.so
7fcab79f3000-7fcab7a27000 rw-p 011c8000 00:1d6e 4611686019135360866      /nix/store/gpxl5qgg8kicmcvivwmybwjlpf7wh20l-graalvm17-ce-22.3.0/lib/server/libjvm.so
7fcab7a27000-7fcab7a83000 rw-p 00000000 00:00 0 
7fcab7a83000-7fcab7aab000 r--p 00000000 00:1d6e 4611686019027979918      /nix/store/4nlgxhb09sdr51nc9hdm8az5b08vzkgx-glibc-2.35-163/lib/libc.so.6
7fcab7aab000-7fcab7c21000 r-xp 00028000 00:1d6e 4611686019027979918      /nix/store/4nlgxhb09sdr51nc9hdm8az5b08vzkgx-glibc-2.35-163/lib/libc.so.6
7fcab7c21000-7fcab7c79000 r--p 0019e000 00:1d6e 4611686019027979918      /nix/store/4nlgxhb09sdr51nc9hdm8az5b08vzkgx-glibc-2.35-163/lib/libc.so.6
7fcab7c79000-7fcab7c7d000 r--p 001f6000 00:1d6e 4611686019027979918      /nix/store/4nlgxhb09sdr51nc9hdm8az5b08vzkgx-glibc-2.35-163/lib/libc.so.6
7fcab7c7d000-7fcab7c7f000 rw-p 001fa000 00:1d6e 4611686019027979918      /nix/store/4nlgxhb09sdr51nc9hdm8az5b08vzkgx-glibc-2.35-163/lib/libc.so.6
7fcab7c7f000-7fcab7c8e000 rw-p 00000000 00:00 0 
7fcab7c8e000-7fcab7c8f000 r--p 00000000 00:1d6e 4611686019027979923      /nix/store/4nlgxhb09sdr51nc9hdm8az5b08vzkgx-glibc-2.35-163/lib/libdl.so.2
7fcab7c8f000-7fcab7c90000 r-xp 00001000 00:1d6e 4611686019027979923      /nix/store/4nlgxhb09sdr51nc9hdm8az5b08vzkgx-glibc-2.35-163/lib/libdl.so.2
7fcab7c90000-7fcab7c91000 r--p 00002000 00:1d6e 4611686019027979923      /nix/store/4nlgxhb09sdr51nc9hdm8az5b08vzkgx-glibc-2.35-163/lib/libdl.so.2
7fcab7c91000-7fcab7c92000 r--p 00002000 00:1d6e 4611686019027979923      /nix/store/4nlgxhb09sdr51nc9hdm8az5b08vzkgx-glibc-2.35-163/lib/libdl.so.2
7fcab7c92000-7fcab7c93000 rw-p 00003000 00:1d6e 4611686019027979923      /nix/store/4nlgxhb09sdr51nc9hdm8az5b08vzkgx-glibc-2.35-163/lib/libdl.so.2
7fcab7c93000-7fcab7c94000 r--p 00000000 00:1d6e 4611686019027979942      /nix/store/4nlgxhb09sdr51nc9hdm8az5b08vzkgx-glibc-2.35-163/lib/libpthread.so.0
7fcab7c94000-7fcab7c95000 r-xp 00001000 00:1d6e 4611686019027979942      /nix/store/4nlgxhb09sdr51nc9hdm8az5b08vzkgx-glibc-2.35-163/lib/libpthread.so.0
7fcab7c95000-7fcab7c96000 r--p 00002000 00:1d6e 4611686019027979942      /nix/store/4nlgxhb09sdr51nc9hdm8az5b08vzkgx-glibc-2.35-163/lib/libpthread.so.0
7fcab7c96000-7fcab7c97000 r--p 00002000 00:1d6e 4611686019027979942      /nix/store/4nlgxhb09sdr51nc9hdm8az5b08vzkgx-glibc-2.35-163/lib/libpthread.so.0
7fcab7c97000-7fcab7c98000 rw-p 00003000 00:1d6e 4611686019027979942      /nix/store/4nlgxhb09sdr51nc9hdm8az5b08vzkgx-glibc-2.35-163/lib/libpthread.so.0
7fcab7c98000-7fcab7ca6000 r-xp 00000000 00:1d6e 4611686019135190033      /nix/store/gpxl5qgg8kicmcvivwmybwjlpf7wh20l-graalvm17-ce-22.3.0/lib/libjli.so
7fcab7ca6000-7fcab7ca7000 ---p 0000e000 00:1d6e 4611686019135190033      /nix/store/gpxl5qgg8kicmcvivwmybwjlpf7wh20l-graalvm17-ce-22.3.0/lib/libjli.so
7fcab7ca7000-7fcab7ca8000 r--p 0000e000 00:1d6e 4611686019135190033      /nix/store/gpxl5qgg8kicmcvivwmybwjlpf7wh20l-graalvm17-ce-22.3.0/lib/libjli.so
7fcab7ca8000-7fcab7ca9000 rw-p 0000f000 00:1d6e 4611686019135190033      /nix/store/gpxl5qgg8kicmcvivwmybwjlpf7wh20l-graalvm17-ce-22.3.0/lib/libjli.so
7fcab7ca9000-7fcab7caa000 rw-p 00012000 00:1d6e 4611686019135190033      /nix/store/gpxl5qgg8kicmcvivwmybwjlpf7wh20l-graalvm17-ce-22.3.0/lib/libjli.so
7fcab7caa000-7fcab7cad000 r--p 00000000 00:1d6e 4611686019106210071      /nix/store/026hln0aq1hyshaxsdvhg0kmcm6yf45r-zlib-1.2.13/lib/libz.so.1.2.13
7fcab7cad000-7fcab7cbf000 r-xp 00003000 00:1d6e 4611686019106210071      /nix/store/026hln0aq1hyshaxsdvhg0kmcm6yf45r-zlib-1.2.13/lib/libz.so.1.2.13
7fcab7cbf000-7fcab7cc6000 r--p 00015000 00:1d6e 4611686019106210071      /nix/store/026hln0aq1hyshaxsdvhg0kmcm6yf45r-zlib-1.2.13/lib/libz.so.1.2.13
7fcab7cc6000-7fcab7cc7000 r--p 0001b000 00:1d6e 4611686019106210071      /nix/store/026hln0aq1hyshaxsdvhg0kmcm6yf45r-zlib-1.2.13/lib/libz.so.1.2.13
7fcab7cc7000-7fcab7cc8000 rw-p 0001c000 00:1d6e 4611686019106210071      /nix/store/026hln0aq1hyshaxsdvhg0kmcm6yf45r-zlib-1.2.13/lib/libz.so.1.2.13
7fcab7cc8000-7fcab7cca000 rw-p 00000000 00:00 0 
7fcab7cca000-7fcab7ccc000 r--p 00000000 00:1d6e 4611686019027979912      /nix/store/4nlgxhb09sdr51nc9hdm8az5b08vzkgx-glibc-2.35-163/lib/ld-linux-x86-64.so.2
7fcab7ccc000-7fcab7cf3000 r-xp 00002000 00:1d6e 4611686019027979912      /nix/store/4nlgxhb09sdr51nc9hdm8az5b08vzkgx-glibc-2.35-163/lib/ld-linux-x86-64.so.2
7fcab7cf3000-7fcab7cff000 r--p 00029000 00:1d6e 4611686019027979912      /nix/store/4nlgxhb09sdr51nc9hdm8az5b08vzkgx-glibc-2.35-163/lib/ld-linux-x86-64.so.2
7fcab7cff000-7fcab7d01000 r--p 00034000 00:1d6e 4611686019027979912      /nix/store/4nlgxhb09sdr51nc9hdm8az5b08vzkgx-glibc-2.35-163/lib/ld-linux-x86-64.so.2
7fcab7d01000-7fcab7d03000 rw-p 00036000 00:1d6e 4611686019027979912      /nix/store/4nlgxhb09sdr51nc9hdm8az5b08vzkgx-glibc-2.35-163/lib/ld-linux-x86-64.so.2
7fff400ec000-7fff40111000 rw-p 00000000 00:00 0                          [stack]
7fff401f5000-7fff401f9000 r--p 00000000 00:00 0                          [vvar]
7fff401f9000-7fff401fb000 r-xp 00000000 00:00 0                          [vdso]
ffffffffff600000-ffffffffff601000 --xp 00000000 00:00 0                  [vsyscall]


VM Arguments:
jvm_args: -XX:ThreadPriorityPolicy=1 -XX:+UnlockExperimentalVMOptions -XX:+EnableJVMCIProduct -XX:JVMCIThreadsPerNativeLibraryRuntime=1 -XX:-UnlockExperimentalVMOptions -Declipse.application=org.eclipse.jdt.ls.core.id1 -Dosgi.bundles.defaultStartLevel=4 -Declipse.product=org.eclipse.jdt.ls.core.product -Dlog.level=ALL -Xverify:none -XX:+UseParallelGC -XX:GCTimeRatio=4 -XX:AdaptiveSizePolicyWeight=90 -Dsun.zip.disableMemoryMapping=true -Xmx512m -Xms100m 
java_command: /nix/store/m6gcpi1ii6rghy04cjwjddcavv7i90df-jdt-language-server-1.9.0/share/java/plugins/org.eclipse.equinox.launcher_1.6.400.v20210924-0641.jar --add-modules=ALL-SYSTEM --add-opens java.base/java.util=ALL-UNNAMED --add-opens java.base/java.lang=ALL-UNNAMED -configuration /home/runner/.cache/jdt-language-server/config -data /home/runner/.cache/jdt-language-server/data/home/runner/Proyecto-Bytebank
java_class_path (initial): /nix/store/m6gcpi1ii6rghy04cjwjddcavv7i90df-jdt-language-server-1.9.0/share/java/plugins/org.eclipse.equinox.launcher_1.6.400.v20210924-0641.jar
Launcher Type: SUN_STANDARD

[Global flags]
    uintx AdaptiveSizePolicyWeight                 = 90                                        {product} {command line}
     intx CICompilerCount                          = 2                                         {product} {ergonomic}
     bool EnableJVMCIProduct                       = true                                {JVMCI product} {jimage}
    uintx GCTimeRatio                              = 4                                         {product} {command line}
   size_t InitialHeapSize                          = 104857600                                 {product} {command line}
     uint JVMCIThreadsPerNativeLibraryRuntime      = 1                                   {JVMCI product} {jimage}
   size_t MaxHeapSize                              = 536870912                                 {product} {command line}
   size_t MaxNewSize                               = 178782208                                 {product} {ergonomic}
   size_t MinHeapDeltaBytes                        = 524288                                    {product} {ergonomic}
   size_t MinHeapSize                              = 104857600                                 {product} {command line}
   size_t NewSize                                  = 34603008                                  {product} {ergonomic}
    uintx NonNMethodCodeHeapSize                   = 5826188                                {pd product} {ergonomic}
    uintx NonProfiledCodeHeapSize                  = 122916026                              {pd product} {ergonomic}
   size_t OldSize                                  = 70254592                                  {product} {ergonomic}
    uintx ProfiledCodeHeapSize                     = 122916026                              {pd product} {ergonomic}
    uintx ReservedCodeCacheSize                    = 251658240                              {pd product} {ergonomic}
     bool SegmentedCodeCache                       = true                                      {product} {ergonomic}
   size_t SoftMaxHeapSize                          = 536870912                              {manageable} {ergonomic}
     intx ThreadPriorityPolicy                     = 1                                         {product} {jimage}
     bool UseCompressedClassPointers               = true                           {product lp64_product} {ergonomic}
     bool UseCompressedOops                        = true                           {product lp64_product} {ergonomic}
     bool UseParallelGC                            = true                                      {product} {command line}

Logging:
Log output configuration:
 #0: stdout all=warning uptime,level,tags
 #1: stderr all=off uptime,level,tags

Environment Variables:
JAVA_HOME=/nix/store/gpxl5qgg8kicmcvivwmybwjlpf7wh20l-graalvm17-ce-22.3.0
PATH=/nix/store/1d6ian3r8kdzspw8hacjhl3xkp40g1lj-binutils-wrapper-2.39/bin:/nix/store/dq0xwmsk1g0i2ayg6pb7y87na2knzylh-gcc-wrapper-11.3.0/bin:/nix/store/bap4d0lpcrhpwmpb8ayjcgkmvfj62lnq-bash-interactive-5.1-p16/bin:/nix/store/pr5n59mb4jzmfx6kanwxly0l07p861fg-patchelf-0.15.0/bin:/nix/store/1gf2flfqnpqbr1b4p4qz2f72y42bs56r-gcc-11.3.0/bin:/nix/store/57xv61c5zi8pphjbcwxxjlgc34p61ic9-glibc-2.35-163-bin/bin:/nix/store/a7gvj343m05j2s32xcnwr35v31ynlypr-coreutils-9.1/bin:/nix/store/039g378vc3pc3dvi9dzdlrd0i4q93qwf-binutils-2.39/bin:/nix/store/gpxl5qgg8kicmcvivwmybwjlpf7wh20l-graalvm17-ce-22.3.0/bin:/nix/store/6z9ag3ihc8mq2hzsw48lhbznvzny65nz-apache-maven-3.8.6/bin:/nix/store/m6gcpi1ii6rghy04cjwjddcavv7i90df-jdt-language-server-1.9.0/bin:/nix/store/84xs5alhs01zrbr4ywm05kxbjbp5590l-java-debug/bin:/nix/store/mydc6f4k2z73xlcz7ilif3v2lcaiqvza-findutils-4.9.0/bin:/nix/store/j9p3g8472iijd50vhdprx0nmk2fqn5gv-diffutils-3.8/bin:/nix/store/89zs7rms6x00xfq4dq6m7mjnhkr8a6r4-gnused-4.8/bin:/nix/store/86bp03jkmsl6f92w0yzg4s59g5mhxwmy-gnugrep-3.7/bin:/nix/store/hwcdqw4jrjnd37wxqgsd47hd0j8bnj09-gawk-5.1.1/bin:/nix/store/cfbhw8r8ags41vwqaz47r583d0p4h4a1-gnutar-1.34/bin:/nix/store/p3m1ndl1lapwrlh698bnb5lvvxh67378-gzip-1.12/bin:/nix/store/a8mhcagrsly7c7mpjrpsnaahk4aax056-bzip2-1.0.8-bin/bin:/nix/store/mblgz65m3zv9x548a3d5m96fj2pbwr09-gnumake-4.3/bin:/nix/store/dsd5gz46hdbdk2rfdimqddhq6m8m8fqs-bash-5.1-p16/bin:/nix/store/v7ljksji50mg3w61dykaa3n3y79n6nil-patch-2.7.6/bin:/nix/store/zlcnmqq14jz5x9439jf937mvayyl63da-xz-5.2.7-bin/bin:/nix/store/y6aj732zm9m87c82fpvf103a1xb22blp-file-5.43/bin:/nix/store/i4kzir3m7mrisxmf5xvlnkw01x4qaqr4-prybar-elisp-0.0.0-e0d9a52/bin:/nix/store/lwwivxf6h7x3cvxp9zv8sj0mv7dak99r-prybar-lua-0.0.0-e0d9a52/bin:/nix/store/gxj28g1cg4hq3qanmjv07156h800qr58-prybar-python3-0.0.0-e0d9a52/bin:/nix/store/hshkjnxrgidigf8x75vg6lqng2xlx9i3-prybar-sqlite-0.0.0-e0d9a52/bin:/nix/store/c4w01bpjgyy5ixmwdk8m1pw87zq4sl26-prybar-tcl-0.0.0-e0d9a52/bin:/nix/store/hpbvrlwd5viqmvcaisb3x0118i913a9n-st
LD_LIBRARY_PATH=/nix/store/a4pff549sk2idnkpzk5nsfps3mdkdnvm-cups-2.4.2-lib/lib:/nix/store/72mqxxhh3cy5yifh92wh2yb8cl2hikyy-cairo-1.16.0/lib:/nix/store/2k366jrbsra97gjfxwvrhvixjfxdach5-glib-2.74.1/lib:/nix/store/2j2znigd8ak37rlwh9khz0ry3clqlw1l-gtk+3-3.24.34/lib:/nix/store/hisqvx32cd57apbpcsnkpx6k3549wql1-libglvnd-1.4.0/lib:/nix/store/p36pgcv991mq5srvg765b78yqpxvk3qs-mesa-21.3.3-drivers/lib:/nix/store/mav4251if1ahjq5vkpwycyyvnmy459c4-pulseaudio-14.2/lib
DISPLAY=:0
LANG=en_US.UTF-8

Signal Handlers:
   SIGSEGV: crash_handler in libjvm.so, mask=11100100010111111101111111111110, flags=SA_RESTART|SA_SIGINFO
    SIGBUS: crash_handler in libjvm.so, mask=11100100010111111101111111111110, flags=SA_RESTART|SA_SIGINFO
    SIGFPE: crash_handler in libjvm.so, mask=11100100010111111101111111111110, flags=SA_RESTART|SA_SIGINFO
   SIGPIPE: IsolateEnterStub_IgnoreSIGPIPEStartupHook_noopSignalHandler_8f19bff2f35b5f630d83b364d6b2339320d4ec70_216e8361c6bc87a8f89f58cc10d3b2fd4415bf87 in libjvmcicompiler.so, mask=00000000000000000000000000000000, flags=SA_RESTART
  *** Handler was modified!
  *** Expected: javaSignalHandler in libjvm.so, mask=11100100110111111111111111111110, flags=SA_RESTART|SA_SIGINFO
   SIGXFSZ: javaSignalHandler in libjvm.so, mask=11100100010111111101111111111110, flags=SA_RESTART|SA_SIGINFO
    SIGILL: crash_handler in libjvm.so, mask=11100100010111111101111111111110, flags=SA_RESTART|SA_SIGINFO
   SIGUSR2: SR_handler in libjvm.so, mask=00000000000000000000000000000000, flags=SA_RESTART|SA_SIGINFO
    SIGHUP: UserHandler in libjvm.so, mask=11100100010111111101111111111110, flags=SA_RESTART|SA_SIGINFO
    SIGINT: UserHandler in libjvm.so, mask=11100100010111111101111111111110, flags=SA_RESTART|SA_SIGINFO
   SIGTERM: UserHandler in libjvm.so, mask=11100100010111111101111111111110, flags=SA_RESTART|SA_SIGINFO
   SIGQUIT: UserHandler in libjvm.so, mask=11100100010111111101111111111110, flags=SA_RESTART|SA_SIGINFO
  *** Handler was modified!
  *** Expected: javaSignalHandler in libjvm.so, mask=11100100110111111111111111111110, flags=SA_RESTART|SA_SIGINFO
   SIGTRAP: crash_handler in libjvm.so, mask=11100100010111111101111111111110, flags=SA_RESTART|SA_SIGINFO


---------------  S Y S T E M  ---------------

OS:
DISTRIB_ID=Ubuntu
DISTRIB_RELEASE=20.04
DISTRIB_CODENAME=focal
DISTRIB_DESCRIPTION="Ubuntu 20.04.2 LTS"
uname: Linux 5.15.0-1031-gcp #38~20.04.1-Ubuntu SMP Sun Mar 12 04:47:58 UTC 2023 x86_64
OS uptime: 0 days 18:49 hours
libc: glibc 2.35 NPTL 2.35 
rlimit (soft/hard): STACK 8192k/infinity , CORE infinity/infinity , NPROC infinity/infinity , NOFILE 5242/5242 , AS infinity/infinity , CPU infinity/infinity , DATA infinity/infinity , FSIZE infinity/infinity , MEMLOCK 64k/64k
load average: 12.53 13.21 13.88

/proc/meminfo:
MemTotal:       65852704 kB
MemFree:        10539220 kB
MemAvailable:   37473556 kB
Buffers:         2928560 kB
Cached:         22466904 kB
SwapCached:            0 kB
Active:         12504636 kB
Inactive:       37458024 kB
Active(anon):      16672 kB
Inactive(anon): 24311504 kB
Active(file):   12487964 kB
Inactive(file): 13146520 kB
Unevictable:       43364 kB
Mlocked:           43364 kB
SwapTotal:             0 kB
SwapFree:              0 kB
Dirty:              1740 kB
Writeback:             0 kB
AnonPages:      22815124 kB
Mapped:          2065872 kB
Shmem:             61668 kB
KReclaimable:    2026452 kB
Slab:            4250512 kB
SReclaimable:    2026452 kB
SUnreclaim:      2224060 kB
KernelStack:      412684 kB
PageTables:       218708 kB
NFS_Unstable:          0 kB
Bounce:                0 kB
WritebackTmp:          0 kB
CommitLimit:    32926352 kB
Committed_AS:   75089580 kB
VmallocTotal:   34359738367 kB
VmallocUsed:      466468 kB
VmallocChunk:          0 kB
Percpu:            83744 kB
HardwareCorrupted:     0 kB
AnonHugePages:   3786752 kB
ShmemHugePages:        0 kB
ShmemPmdMapped:        0 kB
FileHugePages:         0 kB
FilePmdMapped:         0 kB
HugePages_Total:       0
HugePages_Free:        0
HugePages_Rsvd:        0
HugePages_Surp:        0
Hugepagesize:       2048 kB
Hugetlb:               0 kB
DirectMap4k:     6036280 kB
DirectMap2M:    57923584 kB
DirectMap1G:     5242880 kB

/sys/kernel/mm/transparent_hugepage/enabled: always [madvise] never
/sys/kernel/mm/transparent_hugepage/defrag (defrag/compaction efforts parameter): always defer defer+madvise [madvise] never

Process Memory:
Virtual Size: 5472348K (peak: 5550912K)
Resident Set Size: 729384K (peak: 778216K) (anon: 532148K, file: 197236K, shmem: 0K)
Swapped out: 0K
C-Heap outstanding allocations: 44965K, retained: 15834K
glibc malloc tunables: (default)

/proc/sys/kernel/threads-max (system-wide limit on the number of threads): 514406
/proc/sys/vm/max_map_count (maximum number of memory map areas a process may have): 65530
/proc/sys/kernel/pid_max (system-wide limit on number of process identifiers): 4194304

container (cgroup) information:
container_type: cgroupv1
cpu_cpuset_cpus: 2-7
cpu_memory_nodes: 0
active_processor_count: 1
cpu_quota: 50000
cpu_period: 100000
cpu_shares: 512
memory_limit_in_bytes: 1048576 k
memory_and_swap_limit_in_bytes: 1048576 k
memory_soft_limit_in_bytes: 524288 k
memory_usage_in_bytes: 583760 k
memory_max_usage_in_bytes: 625516 k
maximum number of tasks: 1000
current number of tasks: 52

KVM virtualization detected
Steal ticks since vm start: 0
Steal ticks percentage since vm start:  0.000

CPU: total 8 (initial active 1) (8 cores per cpu, 2 threads per core) family 23 model 49 stepping 0 microcode 0xffffffff, cx8, cmov, fxsr, ht, mmx, 3dnowpref, sse, sse2, sse3, ssse3, sse4a, sse4.1, sse4.2, popcnt, lzcnt, tsc, tscinvbit, avx, avx2, aes, clmul, bmi1, bmi2, adx, sha, fma, vzeroupper, clflush, clflushopt, hv
CPU Model and flags from /proc/cpuinfo:
model name	: AMD EPYC 7B12
flags		: fpu vme de pse tsc msr pae mce cx8 apic sep mtrr pge mca cmov pat pse36 clflush mmx fxsr sse sse2 ht syscall nx mmxext fxsr_opt pdpe1gb rdtscp lm constant_tsc rep_good nopl nonstop_tsc cpuid extd_apicid tsc_known_freq pni pclmulqdq ssse3 fma cx16 sse4_1 sse4_2 movbe popcnt aes xsave avx f16c rdrand hypervisor lahf_lm cmp_legacy cr8_legacy abm sse4a misalignsse 3dnowprefetch osvw topoext ssbd ibrs ibpb stibp vmmcall fsgsbase tsc_adjust bmi1 avx2 smep bmi2 rdseed adx smap clflushopt clwb sha_ni xsaveopt xsavec xgetbv1 clzero xsaveerptr arat npt nrip_save umip rdpid

Online cpus: 0-7
Offline cpus: 
BIOS frequency limitation: <Not Available>
Frequency switch latency (ns): <Not Available>
Available cpu frequencies: <Not Available>
Current governor: <Not Available>
Core performance/turbo boost: <Not Available>

Memory: 4k page, physical 1048576k(464804k free), swap 0k(0k free)
Page Sizes: 4k

vm_info: OpenJDK 64-Bit Server VM (17.0.5+8-jvmci-22.3-b08) for linux-amd64 JRE (17.0.5+8-jvmci-22.3-b08), built on Oct 19 2022 09:01:27 by "buildslave" with gcc 10.3.0

END.
